2025-04-19 17:13:13,541 | Logging to: decoder_logs/decoder_train_20250419_171313.log
2025-04-19 17:13:24,060 | === Starting Training ===
2025-04-19 17:13:29,838 | Epoch [1/5] Batch [100] Loss: 10.6802
2025-04-19 17:13:31,975 | Epoch [1/5] Batch [200] Loss: 8.0845
2025-04-19 17:13:34,115 | Epoch [1/5] Batch [300] Loss: 7.2953
2025-04-19 17:13:36,238 | Epoch [1/5] Batch [400] Loss: 7.2102
2025-04-19 17:13:38,369 | Epoch [1/5] Batch [500] Loss: 7.0332
2025-04-19 17:13:40,499 | Epoch [1/5] Batch [600] Loss: 6.9805
2025-04-19 17:13:42,644 | Epoch [1/5] Batch [700] Loss: 6.9612
2025-04-19 17:13:44,794 | Epoch [1/5] Batch [800] Loss: 6.9780
2025-04-19 17:13:46,946 | Epoch [1/5] Batch [900] Loss: 6.7911
2025-04-19 17:13:49,054 | Epoch [1/5] Batch [1000] Loss: 6.7632
2025-04-19 17:13:51,192 | Epoch [1/5] Batch [1100] Loss: 6.7166
2025-04-19 17:13:53,329 | Epoch [1/5] Batch [1200] Loss: 6.7118
2025-04-19 17:13:55,463 | Epoch [1/5] Batch [1300] Loss: 6.7403
2025-04-19 17:13:57,584 | Epoch [1/5] Batch [1400] Loss: 6.7594
2025-04-19 17:13:59,720 | Epoch [1/5] Batch [1500] Loss: 6.6187
2025-04-19 17:14:01,859 | Epoch [1/5] Batch [1600] Loss: 6.6978
2025-04-19 17:14:03,981 | Epoch [1/5] Batch [1700] Loss: 6.6797
2025-04-19 17:14:06,125 | Epoch [1/5] Batch [1800] Loss: 6.5686
2025-04-19 17:14:08,240 | Epoch [1/5] Batch [1900] Loss: 6.5723
2025-04-19 17:14:10,374 | Epoch [1/5] Batch [2000] Loss: 6.5712
2025-04-19 17:14:12,516 | Epoch [1/5] Batch [2100] Loss: 6.6058
2025-04-19 17:14:14,643 | Epoch [1/5] Batch [2200] Loss: 6.4082
2025-04-19 17:14:16,785 | Epoch [1/5] Batch [2300] Loss: 6.3919
2025-04-19 17:14:18,921 | Epoch [1/5] Batch [2400] Loss: 6.3884
2025-04-19 17:14:21,060 | Epoch [1/5] Batch [2500] Loss: 6.3966
2025-04-19 17:14:23,189 | Epoch [1/5] Batch [2600] Loss: 6.3598
2025-04-19 17:14:25,314 | Epoch [1/5] Batch [2700] Loss: 6.3450
2025-04-19 17:14:27,458 | Epoch [1/5] Batch [2800] Loss: 6.2764
2025-04-19 17:14:29,597 | Epoch [1/5] Batch [2900] Loss: 6.3065
2025-04-19 17:14:31,739 | Epoch [1/5] Batch [3000] Loss: 6.2786
2025-04-19 17:14:33,869 | Epoch [1/5] Batch [3100] Loss: 6.2378
2025-04-19 17:14:36,021 | Epoch [1/5] Batch [3200] Loss: 6.2642
2025-04-19 17:14:38,172 | Epoch [1/5] Batch [3300] Loss: 6.0686
2025-04-19 17:14:40,310 | Epoch [1/5] Batch [3400] Loss: 6.1242
2025-04-19 17:14:42,426 | Epoch [1/5] Batch [3500] Loss: 6.1609
2025-04-19 17:14:44,556 | Epoch [1/5] Batch [3600] Loss: 6.0233
2025-04-19 17:14:46,699 | Epoch [1/5] Batch [3700] Loss: 6.1013
2025-04-19 17:14:48,834 | Epoch [1/5] Batch [3800] Loss: 6.1415
2025-04-19 17:14:50,955 | Epoch [1/5] Batch [3900] Loss: 6.0577
2025-04-19 17:14:53,089 | Epoch [1/5] Batch [4000] Loss: 6.0780
2025-04-19 17:14:55,217 | Epoch [1/5] Batch [4100] Loss: 6.0159
2025-04-19 17:14:57,337 | Epoch [1/5] Batch [4200] Loss: 5.9729
2025-04-19 17:14:59,462 | Epoch [1/5] Batch [4300] Loss: 6.0261
2025-04-19 17:15:01,595 | Epoch [1/5] Batch [4400] Loss: 5.9370
2025-04-19 17:15:03,739 | Epoch [1/5] Batch [4500] Loss: 5.9000
2025-04-19 17:15:05,887 | Epoch [1/5] Batch [4600] Loss: 5.9468
2025-04-19 17:15:08,005 | Epoch [1/5] Batch [4700] Loss: 5.8316
2025-04-19 17:15:10,123 | Epoch [1/5] Batch [4800] Loss: 5.9257
2025-04-19 17:15:12,257 | Epoch [1/5] Batch [4900] Loss: 5.9725
2025-04-19 17:15:14,383 | Epoch [1/5] Batch [5000] Loss: 5.8463
2025-04-19 17:15:16,526 | Epoch [1/5] Batch [5100] Loss: 5.9552
2025-04-19 17:15:18,643 | Epoch [1/5] Batch [5200] Loss: 5.8780
2025-04-19 17:15:20,791 | Epoch [1/5] Batch [5300] Loss: 5.8479
2025-04-19 17:15:22,920 | Epoch [1/5] Batch [5400] Loss: 5.7330
2025-04-19 17:15:25,060 | Epoch [1/5] Batch [5500] Loss: 5.7669
2025-04-19 17:15:27,178 | Epoch [1/5] Batch [5600] Loss: 5.6814
2025-04-19 17:15:29,304 | Epoch [1/5] Batch [5700] Loss: 5.7241
2025-04-19 17:15:31,441 | Epoch [1/5] Batch [5800] Loss: 5.8212
2025-04-19 17:15:33,569 | Epoch [1/5] Batch [5900] Loss: 5.7207
2025-04-19 17:15:35,712 | Epoch [1/5] Batch [6000] Loss: 5.7259
2025-04-19 17:15:37,866 | Epoch [1/5] Batch [6100] Loss: 5.6649
2025-04-19 17:15:40,002 | Epoch [1/5] Batch [6200] Loss: 5.7437
2025-04-19 17:15:42,124 | Epoch [1/5] Batch [6300] Loss: 5.7403
2025-04-19 17:15:44,265 | Epoch [1/5] Batch [6400] Loss: 5.5850
2025-04-19 17:15:46,403 | Epoch [1/5] Batch [6500] Loss: 5.5865
2025-04-19 17:15:48,547 | Epoch [1/5] Batch [6600] Loss: 5.6139
2025-04-19 17:15:50,684 | Epoch [1/5] Batch [6700] Loss: 5.5167
2025-04-19 17:15:52,812 | Epoch [1/5] Batch [6800] Loss: 5.5612
2025-04-19 17:15:54,953 | Epoch [1/5] Batch [6900] Loss: 5.6237
2025-04-19 17:15:57,096 | Epoch [1/5] Batch [7000] Loss: 5.5942
2025-04-19 17:15:59,214 | Epoch [1/5] Batch [7100] Loss: 5.5315
2025-04-19 17:16:01,346 | Epoch [1/5] Batch [7200] Loss: 5.5543
2025-04-19 17:16:03,487 | Epoch [1/5] Batch [7300] Loss: 5.5130
2025-04-19 17:16:05,634 | Epoch [1/5] Batch [7400] Loss: 5.4831
2025-04-19 17:16:07,772 | Epoch [1/5] Batch [7500] Loss: 5.4981
2025-04-19 17:16:09,916 | Epoch [1/5] Batch [7600] Loss: 5.5430
2025-04-19 17:16:12,053 | Epoch [1/5] Batch [7700] Loss: 5.4407
2025-04-19 17:16:14,197 | Epoch [1/5] Batch [7800] Loss: 5.3753
2025-04-19 17:16:16,339 | Epoch [1/5] Batch [7900] Loss: 5.4015
2025-04-19 17:16:18,477 | Epoch [1/5] Batch [8000] Loss: 5.5371
2025-04-19 17:16:20,621 | Epoch [1/5] Batch [8100] Loss: 5.3891
2025-04-19 17:16:22,763 | Epoch [1/5] Batch [8200] Loss: 5.3247
2025-04-19 17:16:24,909 | Epoch [1/5] Batch [8300] Loss: 5.3579
2025-04-19 17:16:27,046 | Epoch [1/5] Batch [8400] Loss: 5.2935
2025-04-19 17:16:29,183 | Epoch [1/5] Batch [8500] Loss: 5.3688
2025-04-19 17:16:31,318 | Epoch [1/5] Batch [8600] Loss: 5.2975
2025-04-19 17:16:33,448 | Epoch [1/5] Batch [8700] Loss: 5.3602
2025-04-19 17:16:35,592 | Epoch [1/5] Batch [8800] Loss: 5.3627
2025-04-19 17:16:37,719 | Epoch [1/5] Batch [8900] Loss: 5.3439
2025-04-19 17:16:39,842 | Epoch [1/5] Batch [9000] Loss: 5.3609
2025-04-19 17:16:41,971 | Epoch [1/5] Batch [9100] Loss: 5.3191
2025-04-19 17:16:44,124 | Epoch [1/5] Batch [9200] Loss: 5.1884
2025-04-19 17:16:46,261 | Epoch [1/5] Batch [9300] Loss: 5.3492
2025-04-19 17:16:48,416 | Epoch [1/5] Batch [9400] Loss: 5.2790
2025-04-19 17:16:50,578 | Epoch [1/5] Batch [9500] Loss: 5.2529
2025-04-19 17:16:52,748 | Epoch [1/5] Batch [9600] Loss: 5.2335
2025-04-19 17:16:54,919 | Epoch [1/5] Batch [9700] Loss: 5.1584
2025-04-19 17:16:57,060 | Epoch [1/5] Batch [9800] Loss: 5.2475
2025-04-19 17:16:59,228 | Epoch [1/5] Batch [9900] Loss: 5.2008
2025-04-19 17:17:01,381 | Epoch [1/5] Batch [10000] Loss: 5.1498
2025-04-19 17:17:03,531 | Epoch [1/5] Batch [10100] Loss: 5.3351
2025-04-19 17:17:05,693 | Epoch [1/5] Batch [10200] Loss: 5.2287
2025-04-19 17:17:07,865 | Epoch [1/5] Batch [10300] Loss: 5.1803
2025-04-19 17:17:17,252 | New best model with val loss: 6.3837
2025-04-19 17:17:17,252 | Epoch 1 | Train Loss: 6.0079 | Val Loss: 6.3837
2025-04-19 17:17:19,425 | Epoch [2/5] Batch [100] Loss: 5.1329
2025-04-19 17:17:21,585 | Epoch [2/5] Batch [200] Loss: 5.1491
2025-04-19 17:17:23,747 | Epoch [2/5] Batch [300] Loss: 5.0989
2025-04-19 17:17:25,908 | Epoch [2/5] Batch [400] Loss: 5.0844
2025-04-19 17:17:28,075 | Epoch [2/5] Batch [500] Loss: 5.0231
2025-04-19 17:17:30,255 | Epoch [2/5] Batch [600] Loss: 5.0472
2025-04-19 17:17:32,404 | Epoch [2/5] Batch [700] Loss: 5.0937
2025-04-19 17:17:34,576 | Epoch [2/5] Batch [800] Loss: 5.0150
2025-04-19 17:17:36,736 | Epoch [2/5] Batch [900] Loss: 5.0180
2025-04-19 17:17:38,875 | Epoch [2/5] Batch [1000] Loss: 5.1278
2025-04-19 17:17:41,010 | Epoch [2/5] Batch [1100] Loss: 5.0981
2025-04-19 17:17:43,134 | Epoch [2/5] Batch [1200] Loss: 5.1960
2025-04-19 17:17:45,274 | Epoch [2/5] Batch [1300] Loss: 5.1486
2025-04-19 17:17:47,411 | Epoch [2/5] Batch [1400] Loss: 4.9429
2025-04-19 17:17:49,562 | Epoch [2/5] Batch [1500] Loss: 4.9669
2025-04-19 17:17:51,696 | Epoch [2/5] Batch [1600] Loss: 4.9836
2025-04-19 17:17:53,829 | Epoch [2/5] Batch [1700] Loss: 4.9731
2025-04-19 17:17:55,952 | Epoch [2/5] Batch [1800] Loss: 4.9641
2025-04-19 17:17:58,087 | Epoch [2/5] Batch [1900] Loss: 4.9795
2025-04-19 17:18:00,223 | Epoch [2/5] Batch [2000] Loss: 5.0698
2025-04-19 17:18:02,358 | Epoch [2/5] Batch [2100] Loss: 5.0600
2025-04-19 17:18:04,483 | Epoch [2/5] Batch [2200] Loss: 4.8070
2025-04-19 17:18:06,614 | Epoch [2/5] Batch [2300] Loss: 4.9561
2025-04-19 17:18:08,749 | Epoch [2/5] Batch [2400] Loss: 4.9567
2025-04-19 17:18:10,892 | Epoch [2/5] Batch [2500] Loss: 4.8655
2025-04-19 17:18:13,016 | Epoch [2/5] Batch [2600] Loss: 4.9094
2025-04-19 17:18:15,155 | Epoch [2/5] Batch [2700] Loss: 4.9252
2025-04-19 17:18:17,293 | Epoch [2/5] Batch [2800] Loss: 4.9720
2025-04-19 17:18:19,436 | Epoch [2/5] Batch [2900] Loss: 5.0815
2025-04-19 17:18:21,574 | Epoch [2/5] Batch [3000] Loss: 4.8963
2025-04-19 17:18:23,713 | Epoch [2/5] Batch [3100] Loss: 4.8516
2025-04-19 17:18:25,859 | Epoch [2/5] Batch [3200] Loss: 4.8902
2025-04-19 17:18:28,012 | Epoch [2/5] Batch [3300] Loss: 4.8064
2025-04-19 17:18:30,149 | Epoch [2/5] Batch [3400] Loss: 4.8120
2025-04-19 17:18:32,284 | Epoch [2/5] Batch [3500] Loss: 4.9190
2025-04-19 17:18:34,462 | Epoch [2/5] Batch [3600] Loss: 4.8547
2025-04-19 17:18:36,623 | Epoch [2/5] Batch [3700] Loss: 4.6765
2025-04-19 17:18:38,777 | Epoch [2/5] Batch [3800] Loss: 4.8457
2025-04-19 17:18:40,927 | Epoch [2/5] Batch [3900] Loss: 4.8089
2025-04-19 17:18:43,093 | Epoch [2/5] Batch [4000] Loss: 4.7978
2025-04-19 17:18:45,244 | Epoch [2/5] Batch [4100] Loss: 4.7784
2025-04-19 17:18:47,392 | Epoch [2/5] Batch [4200] Loss: 4.8516
2025-04-19 17:18:49,539 | Epoch [2/5] Batch [4300] Loss: 4.8474
2025-04-19 17:18:51,677 | Epoch [2/5] Batch [4400] Loss: 4.7702
2025-04-19 17:18:53,812 | Epoch [2/5] Batch [4500] Loss: 4.7539
2025-04-19 17:18:55,960 | Epoch [2/5] Batch [4600] Loss: 4.6793
2025-04-19 17:18:58,104 | Epoch [2/5] Batch [4700] Loss: 4.8418
2025-04-19 17:19:00,259 | Epoch [2/5] Batch [4800] Loss: 4.8084
2025-04-19 17:19:02,402 | Epoch [2/5] Batch [4900] Loss: 4.6761
2025-04-19 17:19:04,564 | Epoch [2/5] Batch [5000] Loss: 4.7586
2025-04-19 17:19:06,711 | Epoch [2/5] Batch [5100] Loss: 4.8737
2025-04-19 17:19:08,831 | Epoch [2/5] Batch [5200] Loss: 4.8200
2025-04-19 17:19:10,957 | Epoch [2/5] Batch [5300] Loss: 4.5850
2025-04-19 17:19:13,099 | Epoch [2/5] Batch [5400] Loss: 4.7057
2025-04-19 17:19:15,219 | Epoch [2/5] Batch [5500] Loss: 4.7223
2025-04-19 17:19:17,349 | Epoch [2/5] Batch [5600] Loss: 4.7158
2025-04-19 17:19:19,486 | Epoch [2/5] Batch [5700] Loss: 4.6475
2025-04-19 17:19:21,629 | Epoch [2/5] Batch [5800] Loss: 4.6816
2025-04-19 17:19:23,770 | Epoch [2/5] Batch [5900] Loss: 4.6308
2025-04-19 17:19:25,909 | Epoch [2/5] Batch [6000] Loss: 4.8388
2025-04-19 17:19:28,015 | Epoch [2/5] Batch [6100] Loss: 4.8163
2025-04-19 17:19:30,144 | Epoch [2/5] Batch [6200] Loss: 4.7584
2025-04-19 17:19:32,263 | Epoch [2/5] Batch [6300] Loss: 4.5761
2025-04-19 17:19:34,417 | Epoch [2/5] Batch [6400] Loss: 4.6957
2025-04-19 17:19:36,552 | Epoch [2/5] Batch [6500] Loss: 4.5397
2025-04-19 17:19:38,691 | Epoch [2/5] Batch [6600] Loss: 4.7064
2025-04-19 17:19:40,823 | Epoch [2/5] Batch [6700] Loss: 4.5913
2025-04-19 17:19:42,957 | Epoch [2/5] Batch [6800] Loss: 4.5631
2025-04-19 17:19:45,099 | Epoch [2/5] Batch [6900] Loss: 4.8257
2025-04-19 17:19:47,223 | Epoch [2/5] Batch [7000] Loss: 4.5807
2025-04-19 17:19:49,355 | Epoch [2/5] Batch [7100] Loss: 4.5792
2025-04-19 17:19:51,500 | Epoch [2/5] Batch [7200] Loss: 4.6773
2025-04-19 17:19:53,644 | Epoch [2/5] Batch [7300] Loss: 4.6319
2025-04-19 17:19:55,786 | Epoch [2/5] Batch [7400] Loss: 4.6804
2025-04-19 17:19:57,931 | Epoch [2/5] Batch [7500] Loss: 4.5863
2025-04-19 17:20:00,071 | Epoch [2/5] Batch [7600] Loss: 4.5340
2025-04-19 17:20:02,207 | Epoch [2/5] Batch [7700] Loss: 4.6634
2025-04-19 17:20:04,354 | Epoch [2/5] Batch [7800] Loss: 4.7439
2025-04-19 17:20:06,472 | Epoch [2/5] Batch [7900] Loss: 4.5342
2025-04-19 17:20:08,610 | Epoch [2/5] Batch [8000] Loss: 4.4989
2025-04-19 17:20:10,749 | Epoch [2/5] Batch [8100] Loss: 4.6280
2025-04-19 17:20:12,881 | Epoch [2/5] Batch [8200] Loss: 4.6670
2025-04-19 17:20:15,009 | Epoch [2/5] Batch [8300] Loss: 4.5968
2025-04-19 17:20:17,141 | Epoch [2/5] Batch [8400] Loss: 4.6868
2025-04-19 17:20:19,277 | Epoch [2/5] Batch [8500] Loss: 4.5844
2025-04-19 17:20:21,405 | Epoch [2/5] Batch [8600] Loss: 4.5170
2025-04-19 17:20:23,556 | Epoch [2/5] Batch [8700] Loss: 4.4716
2025-04-19 17:20:25,691 | Epoch [2/5] Batch [8800] Loss: 4.4935
2025-04-19 17:20:27,845 | Epoch [2/5] Batch [8900] Loss: 4.4395
2025-04-19 17:20:29,971 | Epoch [2/5] Batch [9000] Loss: 4.5093
2025-04-19 17:20:32,079 | Epoch [2/5] Batch [9100] Loss: 4.4485
2025-04-19 17:20:34,222 | Epoch [2/5] Batch [9200] Loss: 4.5321
2025-04-19 17:20:36,347 | Epoch [2/5] Batch [9300] Loss: 4.6649
2025-04-19 17:20:38,494 | Epoch [2/5] Batch [9400] Loss: 4.5578
2025-04-19 17:20:40,632 | Epoch [2/5] Batch [9500] Loss: 4.6546
2025-04-19 17:20:42,772 | Epoch [2/5] Batch [9600] Loss: 4.5439
2025-04-19 17:20:44,912 | Epoch [2/5] Batch [9700] Loss: 4.6070
2025-04-19 17:20:47,042 | Epoch [2/5] Batch [9800] Loss: 4.6345
2025-04-19 17:20:49,187 | Epoch [2/5] Batch [9900] Loss: 4.5554
2025-04-19 17:20:51,318 | Epoch [2/5] Batch [10000] Loss: 4.4399
2025-04-19 17:20:53,446 | Epoch [2/5] Batch [10100] Loss: 4.4222
2025-04-19 17:20:55,579 | Epoch [2/5] Batch [10200] Loss: 4.4772
2025-04-19 17:20:57,706 | Epoch [2/5] Batch [10300] Loss: 4.5004
2025-04-19 17:21:07,079 | Epoch 2 | Train Loss: 4.7760 | Val Loss: 6.5167
2025-04-19 17:21:09,238 | Epoch [3/5] Batch [100] Loss: 4.4298
2025-04-19 17:21:11,386 | Epoch [3/5] Batch [200] Loss: 4.4915
2025-04-19 17:21:13,515 | Epoch [3/5] Batch [300] Loss: 4.4972
2025-04-19 17:21:15,665 | Epoch [3/5] Batch [400] Loss: 4.3775
2025-04-19 17:21:17,803 | Epoch [3/5] Batch [500] Loss: 4.3892
2025-04-19 17:21:19,959 | Epoch [3/5] Batch [600] Loss: 4.5039
2025-04-19 17:21:22,098 | Epoch [3/5] Batch [700] Loss: 4.4235
2025-04-19 17:21:24,256 | Epoch [3/5] Batch [800] Loss: 4.3406
2025-04-19 17:21:26,399 | Epoch [3/5] Batch [900] Loss: 4.3335
2025-04-19 17:21:28,561 | Epoch [3/5] Batch [1000] Loss: 4.3539
2025-04-19 17:21:30,726 | Epoch [3/5] Batch [1100] Loss: 4.2449
2025-04-19 17:21:32,864 | Epoch [3/5] Batch [1200] Loss: 4.3093
2025-04-19 17:21:35,019 | Epoch [3/5] Batch [1300] Loss: 4.3879
2025-04-19 17:21:37,181 | Epoch [3/5] Batch [1400] Loss: 4.3521
2025-04-19 17:21:39,341 | Epoch [3/5] Batch [1500] Loss: 4.4049
2025-04-19 17:21:41,514 | Epoch [3/5] Batch [1600] Loss: 4.3702
2025-04-19 17:21:43,665 | Epoch [3/5] Batch [1700] Loss: 4.3284
2025-04-19 17:21:45,816 | Epoch [3/5] Batch [1800] Loss: 4.3807
2025-04-19 17:21:47,981 | Epoch [3/5] Batch [1900] Loss: 4.4518
2025-04-19 17:21:50,139 | Epoch [3/5] Batch [2000] Loss: 4.3503
2025-04-19 17:21:52,296 | Epoch [3/5] Batch [2100] Loss: 4.3137
2025-04-19 17:21:54,446 | Epoch [3/5] Batch [2200] Loss: 4.2227
2025-04-19 17:21:56,591 | Epoch [3/5] Batch [2300] Loss: 4.2401
2025-04-19 17:21:58,742 | Epoch [3/5] Batch [2400] Loss: 4.5716
2025-04-19 17:22:00,898 | Epoch [3/5] Batch [2500] Loss: 4.4752
2025-04-19 17:22:03,046 | Epoch [3/5] Batch [2600] Loss: 4.3564
2025-04-19 17:22:05,195 | Epoch [3/5] Batch [2700] Loss: 4.3104
2025-04-19 17:22:07,326 | Epoch [3/5] Batch [2800] Loss: 4.2788
2025-04-19 17:22:09,455 | Epoch [3/5] Batch [2900] Loss: 4.2748
2025-04-19 17:22:11,592 | Epoch [3/5] Batch [3000] Loss: 4.3877
2025-04-19 17:22:13,723 | Epoch [3/5] Batch [3100] Loss: 4.3089
2025-04-19 17:22:15,877 | Epoch [3/5] Batch [3200] Loss: 4.0887
2025-04-19 17:22:18,021 | Epoch [3/5] Batch [3300] Loss: 4.5360
2025-04-19 17:22:20,166 | Epoch [3/5] Batch [3400] Loss: 4.3243
2025-04-19 17:22:22,299 | Epoch [3/5] Batch [3500] Loss: 4.1966
2025-04-19 17:22:24,447 | Epoch [3/5] Batch [3600] Loss: 4.7545
2025-04-19 17:22:26,592 | Epoch [3/5] Batch [3700] Loss: 4.2906
2025-04-19 17:22:28,740 | Epoch [3/5] Batch [3800] Loss: 4.4179
2025-04-19 17:22:30,899 | Epoch [3/5] Batch [3900] Loss: 4.3103
2025-04-19 17:22:33,045 | Epoch [3/5] Batch [4000] Loss: 4.1343
2025-04-19 17:22:35,198 | Epoch [3/5] Batch [4100] Loss: 4.3265
2025-04-19 17:22:37,362 | Epoch [3/5] Batch [4200] Loss: 4.4411
2025-04-19 17:22:39,516 | Epoch [3/5] Batch [4300] Loss: 4.1838
2025-04-19 17:22:41,672 | Epoch [3/5] Batch [4400] Loss: 4.1122
2025-04-19 17:22:43,807 | Epoch [3/5] Batch [4500] Loss: 4.2093
2025-04-19 17:22:45,959 | Epoch [3/5] Batch [4600] Loss: 4.2738
2025-04-19 17:22:48,110 | Epoch [3/5] Batch [4700] Loss: 4.5216
2025-04-19 17:22:50,262 | Epoch [3/5] Batch [4800] Loss: 4.1830
2025-04-19 17:22:52,410 | Epoch [3/5] Batch [4900] Loss: 4.4399
2025-04-19 17:22:54,577 | Epoch [3/5] Batch [5000] Loss: 4.2628
2025-04-19 17:22:56,724 | Epoch [3/5] Batch [5100] Loss: 4.3334
2025-04-19 17:22:58,886 | Epoch [3/5] Batch [5200] Loss: 4.1285
2025-04-19 17:23:01,041 | Epoch [3/5] Batch [5300] Loss: 4.1183
2025-04-19 17:23:03,219 | Epoch [3/5] Batch [5400] Loss: 4.2406
2025-04-19 17:23:05,359 | Epoch [3/5] Batch [5500] Loss: 4.4920
2025-04-19 17:23:07,510 | Epoch [3/5] Batch [5600] Loss: 4.2333
2025-04-19 17:23:09,654 | Epoch [3/5] Batch [5700] Loss: 4.2882
2025-04-19 17:23:11,787 | Epoch [3/5] Batch [5800] Loss: 4.3344
2025-04-19 17:23:13,920 | Epoch [3/5] Batch [5900] Loss: 4.0931
2025-04-19 17:23:16,051 | Epoch [3/5] Batch [6000] Loss: 4.1394
2025-04-19 17:23:18,182 | Epoch [3/5] Batch [6100] Loss: 4.1142
2025-04-19 17:23:20,315 | Epoch [3/5] Batch [6200] Loss: 4.0991
2025-04-19 17:23:22,444 | Epoch [3/5] Batch [6300] Loss: 4.4736
2025-04-19 17:23:24,572 | Epoch [3/5] Batch [6400] Loss: 4.1219
2025-04-19 17:23:26,713 | Epoch [3/5] Batch [6500] Loss: 4.1444
2025-04-19 17:23:28,842 | Epoch [3/5] Batch [6600] Loss: 4.0733
2025-04-19 17:23:30,975 | Epoch [3/5] Batch [6700] Loss: 4.1868
2025-04-19 17:23:33,125 | Epoch [3/5] Batch [6800] Loss: 4.0570
2025-04-19 17:23:35,264 | Epoch [3/5] Batch [6900] Loss: 4.0149
2025-04-19 17:23:37,383 | Epoch [3/5] Batch [7000] Loss: 4.1843
2025-04-19 17:23:39,517 | Epoch [3/5] Batch [7100] Loss: 4.2191
2025-04-19 17:23:41,651 | Epoch [3/5] Batch [7200] Loss: 4.1380
2025-04-19 17:23:43,806 | Epoch [3/5] Batch [7300] Loss: 4.0102
2025-04-19 17:23:45,929 | Epoch [3/5] Batch [7400] Loss: 4.1982
2025-04-19 17:23:48,063 | Epoch [3/5] Batch [7500] Loss: 4.1722
2025-04-19 17:23:50,200 | Epoch [3/5] Batch [7600] Loss: 4.1508
2025-04-19 17:23:52,337 | Epoch [3/5] Batch [7700] Loss: 4.0656
2025-04-19 17:23:54,469 | Epoch [3/5] Batch [7800] Loss: 3.9580
2025-04-19 17:23:56,599 | Epoch [3/5] Batch [7900] Loss: 4.0308
2025-04-19 17:23:58,738 | Epoch [3/5] Batch [8000] Loss: 4.0483
2025-04-19 17:24:00,883 | Epoch [3/5] Batch [8100] Loss: 3.9574
2025-04-19 17:24:03,001 | Epoch [3/5] Batch [8200] Loss: 3.9909
2025-04-19 17:24:05,161 | Epoch [3/5] Batch [8300] Loss: 4.0692
2025-04-19 17:24:07,277 | Epoch [3/5] Batch [8400] Loss: 4.1598
2025-04-19 17:24:09,401 | Epoch [3/5] Batch [8500] Loss: 4.0916
2025-04-19 17:24:11,538 | Epoch [3/5] Batch [8600] Loss: 4.1227
2025-04-19 17:24:13,691 | Epoch [3/5] Batch [8700] Loss: 3.9249
2025-04-19 17:24:15,833 | Epoch [3/5] Batch [8800] Loss: 4.0492
2025-04-19 17:24:17,971 | Epoch [3/5] Batch [8900] Loss: 4.0351
2025-04-19 17:24:20,106 | Epoch [3/5] Batch [9000] Loss: 3.9760
2025-04-19 17:24:22,250 | Epoch [3/5] Batch [9100] Loss: 4.0575
2025-04-19 17:24:24,376 | Epoch [3/5] Batch [9200] Loss: 4.0561
2025-04-19 17:24:26,500 | Epoch [3/5] Batch [9300] Loss: 4.0882
2025-04-19 17:24:28,626 | Epoch [3/5] Batch [9400] Loss: 4.2670
2025-04-19 17:24:30,755 | Epoch [3/5] Batch [9500] Loss: 3.9752
2025-04-19 17:24:32,887 | Epoch [3/5] Batch [9600] Loss: 4.1666
2025-04-19 17:24:35,031 | Epoch [3/5] Batch [9700] Loss: 4.0202
2025-04-19 17:24:37,166 | Epoch [3/5] Batch [9800] Loss: 3.8944
2025-04-19 17:24:39,299 | Epoch [3/5] Batch [9900] Loss: 4.2926
2025-04-19 17:24:41,445 | Epoch [3/5] Batch [10000] Loss: 3.9488
2025-04-19 17:24:43,571 | Epoch [3/5] Batch [10100] Loss: 3.9241
2025-04-19 17:24:45,713 | Epoch [3/5] Batch [10200] Loss: 4.3926
2025-04-19 17:24:47,837 | Epoch [3/5] Batch [10300] Loss: 3.9415
2025-04-19 17:24:57,178 | Epoch 3 | Train Loss: 4.2368 | Val Loss: 6.7474
2025-04-19 17:24:59,331 | Epoch [4/5] Batch [100] Loss: 4.0369
2025-04-19 17:25:01,464 | Epoch [4/5] Batch [200] Loss: 4.0409
2025-04-19 17:25:03,614 | Epoch [4/5] Batch [300] Loss: 3.8770
2025-04-19 17:25:05,760 | Epoch [4/5] Batch [400] Loss: 4.0193
2025-04-19 17:25:07,890 | Epoch [4/5] Batch [500] Loss: 3.9476
2025-04-19 17:25:10,009 | Epoch [4/5] Batch [600] Loss: 4.1953
2025-04-19 17:25:12,138 | Epoch [4/5] Batch [700] Loss: 4.2727
2025-04-19 17:25:14,258 | Epoch [4/5] Batch [800] Loss: 4.2750
2025-04-19 17:25:16,381 | Epoch [4/5] Batch [900] Loss: 3.9976
2025-04-19 17:25:18,517 | Epoch [4/5] Batch [1000] Loss: 4.1400
2025-04-19 17:25:20,648 | Epoch [4/5] Batch [1100] Loss: 4.1852
2025-04-19 17:25:22,779 | Epoch [4/5] Batch [1200] Loss: 4.0466
2025-04-19 17:25:24,913 | Epoch [4/5] Batch [1300] Loss: 3.8301
2025-04-19 17:25:27,041 | Epoch [4/5] Batch [1400] Loss: 3.7898
2025-04-19 17:25:29,185 | Epoch [4/5] Batch [1500] Loss: 3.9590
2025-04-19 17:25:31,314 | Epoch [4/5] Batch [1600] Loss: 3.9179
2025-04-19 17:25:33,452 | Epoch [4/5] Batch [1700] Loss: 3.8298
2025-04-19 17:25:35,590 | Epoch [4/5] Batch [1800] Loss: 3.7235
2025-04-19 17:25:37,726 | Epoch [4/5] Batch [1900] Loss: 3.9908
2025-04-19 17:25:39,854 | Epoch [4/5] Batch [2000] Loss: 3.8563
2025-04-19 17:25:41,995 | Epoch [4/5] Batch [2100] Loss: 3.9694
2025-04-19 17:25:44,136 | Epoch [4/5] Batch [2200] Loss: 3.8638
2025-04-19 17:25:46,264 | Epoch [4/5] Batch [2300] Loss: 3.8254
2025-04-19 17:25:48,409 | Epoch [4/5] Batch [2400] Loss: 3.9122
2025-04-19 17:25:50,559 | Epoch [4/5] Batch [2500] Loss: 4.0293
2025-04-19 17:25:52,702 | Epoch [4/5] Batch [2600] Loss: 4.0687
2025-04-19 17:25:54,838 | Epoch [4/5] Batch [2700] Loss: 4.0568
2025-04-19 17:25:56,966 | Epoch [4/5] Batch [2800] Loss: 3.9115
2025-04-19 17:25:59,101 | Epoch [4/5] Batch [2900] Loss: 3.9981
2025-04-19 17:26:01,218 | Epoch [4/5] Batch [3000] Loss: 3.7344
2025-04-19 17:26:03,360 | Epoch [4/5] Batch [3100] Loss: 3.8431
2025-04-19 17:26:05,503 | Epoch [4/5] Batch [3200] Loss: 3.7926
2025-04-19 17:26:07,628 | Epoch [4/5] Batch [3300] Loss: 3.8977
2025-04-19 17:26:09,759 | Epoch [4/5] Batch [3400] Loss: 3.7700
2025-04-19 17:26:11,901 | Epoch [4/5] Batch [3500] Loss: 4.4877
2025-04-19 17:26:14,045 | Epoch [4/5] Batch [3600] Loss: 4.5854
2025-04-19 17:26:16,201 | Epoch [4/5] Batch [3700] Loss: 3.8884
2025-04-19 17:26:18,349 | Epoch [4/5] Batch [3800] Loss: 4.1087
2025-04-19 17:26:20,514 | Epoch [4/5] Batch [3900] Loss: 3.9380
2025-04-19 17:26:22,681 | Epoch [4/5] Batch [4000] Loss: 3.8093
2025-04-19 17:26:24,826 | Epoch [4/5] Batch [4100] Loss: 4.3068
2025-04-19 17:26:26,975 | Epoch [4/5] Batch [4200] Loss: 4.0491
2025-04-19 17:26:29,124 | Epoch [4/5] Batch [4300] Loss: 3.8020
2025-04-19 17:26:31,277 | Epoch [4/5] Batch [4400] Loss: 3.8790
2025-04-19 17:26:33,432 | Epoch [4/5] Batch [4500] Loss: 3.8173
2025-04-19 17:26:35,609 | Epoch [4/5] Batch [4600] Loss: 3.7427
2025-04-19 17:26:37,777 | Epoch [4/5] Batch [4700] Loss: 3.7988
2025-04-19 17:26:39,950 | Epoch [4/5] Batch [4800] Loss: 3.9254
2025-04-19 17:26:42,106 | Epoch [4/5] Batch [4900] Loss: 3.8006
2025-04-19 17:26:44,265 | Epoch [4/5] Batch [5000] Loss: 3.8872
2025-04-19 17:26:46,412 | Epoch [4/5] Batch [5100] Loss: 3.8415
2025-04-19 17:26:48,575 | Epoch [4/5] Batch [5200] Loss: 3.8573
2025-04-19 17:26:50,747 | Epoch [4/5] Batch [5300] Loss: 4.0388
2025-04-19 17:26:52,914 | Epoch [4/5] Batch [5400] Loss: 4.0510
2025-04-19 17:26:55,063 | Epoch [4/5] Batch [5500] Loss: 3.8034
2025-04-19 17:26:57,238 | Epoch [4/5] Batch [5600] Loss: 3.8556
2025-04-19 17:26:59,392 | Epoch [4/5] Batch [5700] Loss: 3.9775
2025-04-19 17:27:01,554 | Epoch [4/5] Batch [5800] Loss: 3.7619
2025-04-19 17:27:03,714 | Epoch [4/5] Batch [5900] Loss: 3.9067
2025-04-19 17:27:05,866 | Epoch [4/5] Batch [6000] Loss: 4.1668
2025-04-19 17:27:08,016 | Epoch [4/5] Batch [6100] Loss: 3.6351
2025-04-19 17:27:10,148 | Epoch [4/5] Batch [6200] Loss: 4.1343
2025-04-19 17:27:12,280 | Epoch [4/5] Batch [6300] Loss: 3.7739
2025-04-19 17:27:14,409 | Epoch [4/5] Batch [6400] Loss: 3.9483
2025-04-19 17:27:16,542 | Epoch [4/5] Batch [6500] Loss: 4.4043
2025-04-19 17:27:18,677 | Epoch [4/5] Batch [6600] Loss: 3.7936
2025-04-19 17:27:20,828 | Epoch [4/5] Batch [6700] Loss: 3.8028
2025-04-19 17:27:22,968 | Epoch [4/5] Batch [6800] Loss: 3.7861
2025-04-19 17:27:25,121 | Epoch [4/5] Batch [6900] Loss: 3.7274
2025-04-19 17:27:27,288 | Epoch [4/5] Batch [7000] Loss: 3.8071
2025-04-19 17:27:29,438 | Epoch [4/5] Batch [7100] Loss: 3.7238
2025-04-19 17:27:31,605 | Epoch [4/5] Batch [7200] Loss: 3.7037
2025-04-19 17:27:33,776 | Epoch [4/5] Batch [7300] Loss: 3.6000
2025-04-19 17:27:35,932 | Epoch [4/5] Batch [7400] Loss: 3.8184
2025-04-19 17:27:38,083 | Epoch [4/5] Batch [7500] Loss: 3.6504
2025-04-19 17:27:40,230 | Epoch [4/5] Batch [7600] Loss: 3.7288
2025-04-19 17:27:42,377 | Epoch [4/5] Batch [7700] Loss: 3.7028
2025-04-19 17:27:44,532 | Epoch [4/5] Batch [7800] Loss: 3.6114
2025-04-19 17:27:46,692 | Epoch [4/5] Batch [7900] Loss: 3.9302
2025-04-19 17:27:48,837 | Epoch [4/5] Batch [8000] Loss: 3.6801
2025-04-19 17:27:50,989 | Epoch [4/5] Batch [8100] Loss: 4.0766
2025-04-19 17:27:53,140 | Epoch [4/5] Batch [8200] Loss: 4.0900
2025-04-19 17:27:55,310 | Epoch [4/5] Batch [8300] Loss: 3.7160
2025-04-19 17:27:57,476 | Epoch [4/5] Batch [8400] Loss: 3.6177
2025-04-19 17:27:59,635 | Epoch [4/5] Batch [8500] Loss: 4.0727
2025-04-19 17:28:01,784 | Epoch [4/5] Batch [8600] Loss: 3.8646
2025-04-19 17:28:03,941 | Epoch [4/5] Batch [8700] Loss: 3.8522
2025-04-19 17:28:06,095 | Epoch [4/5] Batch [8800] Loss: 3.5970
2025-04-19 17:28:08,274 | Epoch [4/5] Batch [8900] Loss: 3.6405
2025-04-19 17:28:10,429 | Epoch [4/5] Batch [9000] Loss: 3.7285
2025-04-19 17:28:12,577 | Epoch [4/5] Batch [9100] Loss: 3.6113
2025-04-19 17:28:14,696 | Epoch [4/5] Batch [9200] Loss: 3.8845
2025-04-19 17:28:16,816 | Epoch [4/5] Batch [9300] Loss: 3.8228
2025-04-19 17:28:18,958 | Epoch [4/5] Batch [9400] Loss: 4.1309
2025-04-19 17:28:21,091 | Epoch [4/5] Batch [9500] Loss: 3.6513
2025-04-19 17:28:23,217 | Epoch [4/5] Batch [9600] Loss: 3.7106
2025-04-19 17:28:25,341 | Epoch [4/5] Batch [9700] Loss: 3.8409
2025-04-19 17:28:27,477 | Epoch [4/5] Batch [9800] Loss: 3.6459
2025-04-19 17:28:29,591 | Epoch [4/5] Batch [9900] Loss: 3.6436
2025-04-19 17:28:31,735 | Epoch [4/5] Batch [10000] Loss: 3.9010
2025-04-19 17:28:33,882 | Epoch [4/5] Batch [10100] Loss: 3.7590
2025-04-19 17:28:36,012 | Epoch [4/5] Batch [10200] Loss: 3.9036
2025-04-19 17:28:38,144 | Epoch [4/5] Batch [10300] Loss: 3.8741
2025-04-19 17:28:47,514 | Epoch 4 | Train Loss: 3.8920 | Val Loss: 6.9701
2025-04-19 17:28:49,681 | Epoch [5/5] Batch [100] Loss: 3.6401
2025-04-19 17:28:51,828 | Epoch [5/5] Batch [200] Loss: 3.7276
2025-04-19 17:28:53,968 | Epoch [5/5] Batch [300] Loss: 3.8655
2025-04-19 17:28:56,106 | Epoch [5/5] Batch [400] Loss: 3.6540
2025-04-19 17:28:58,252 | Epoch [5/5] Batch [500] Loss: 3.5678
2025-04-19 17:29:00,378 | Epoch [5/5] Batch [600] Loss: 3.6977
2025-04-19 17:29:02,494 | Epoch [5/5] Batch [700] Loss: 3.6621
2025-04-19 17:29:04,623 | Epoch [5/5] Batch [800] Loss: 3.6299
2025-04-19 17:29:06,755 | Epoch [5/5] Batch [900] Loss: 3.8439
2025-04-19 17:29:08,885 | Epoch [5/5] Batch [1000] Loss: 3.7236
2025-04-19 17:29:11,019 | Epoch [5/5] Batch [1100] Loss: 3.6095
2025-04-19 17:29:13,142 | Epoch [5/5] Batch [1200] Loss: 3.7603
2025-04-19 17:29:15,281 | Epoch [5/5] Batch [1300] Loss: 3.8764
2025-04-19 17:29:17,427 | Epoch [5/5] Batch [1400] Loss: 3.5699
2025-04-19 17:29:19,547 | Epoch [5/5] Batch [1500] Loss: 3.5583
2025-04-19 17:29:21,689 | Epoch [5/5] Batch [1600] Loss: 3.6275
2025-04-19 17:29:23,830 | Epoch [5/5] Batch [1700] Loss: 3.7299
2025-04-19 17:29:25,972 | Epoch [5/5] Batch [1800] Loss: 3.9346
2025-04-19 17:29:28,109 | Epoch [5/5] Batch [1900] Loss: 3.6915
2025-04-19 17:29:30,234 | Epoch [5/5] Batch [2000] Loss: 3.4884
2025-04-19 17:29:32,370 | Epoch [5/5] Batch [2100] Loss: 3.6934
2025-04-19 17:29:34,510 | Epoch [5/5] Batch [2200] Loss: 3.6013
2025-04-19 17:29:36,624 | Epoch [5/5] Batch [2300] Loss: 3.6017
2025-04-19 17:29:38,755 | Epoch [5/5] Batch [2400] Loss: 4.1312
2025-04-19 17:29:40,890 | Epoch [5/5] Batch [2500] Loss: 3.7821
2025-04-19 17:29:43,027 | Epoch [5/5] Batch [2600] Loss: 3.7735
2025-04-19 17:29:45,166 | Epoch [5/5] Batch [2700] Loss: 3.5689
2025-04-19 17:29:47,303 | Epoch [5/5] Batch [2800] Loss: 4.2459
2025-04-19 17:29:49,434 | Epoch [5/5] Batch [2900] Loss: 3.4877
2025-04-19 17:29:51,574 | Epoch [5/5] Batch [3000] Loss: 3.6250
2025-04-19 17:29:53,705 | Epoch [5/5] Batch [3100] Loss: 3.7842
2025-04-19 17:29:55,840 | Epoch [5/5] Batch [3200] Loss: 4.0971
2025-04-19 17:29:57,967 | Epoch [5/5] Batch [3300] Loss: 3.6343
2025-04-19 17:30:00,102 | Epoch [5/5] Batch [3400] Loss: 3.7578
2025-04-19 17:30:02,234 | Epoch [5/5] Batch [3500] Loss: 3.6511
2025-04-19 17:30:04,382 | Epoch [5/5] Batch [3600] Loss: 3.6420
2025-04-19 17:30:06,524 | Epoch [5/5] Batch [3700] Loss: 3.5516
2025-04-19 17:30:08,648 | Epoch [5/5] Batch [3800] Loss: 3.5844
2025-04-19 17:30:10,784 | Epoch [5/5] Batch [3900] Loss: 3.4880
2025-04-19 17:30:12,914 | Epoch [5/5] Batch [4000] Loss: 3.7395
2025-04-19 17:30:15,059 | Epoch [5/5] Batch [4100] Loss: 3.5083
2025-04-19 17:30:17,202 | Epoch [5/5] Batch [4200] Loss: 3.4885
2025-04-19 17:30:19,372 | Epoch [5/5] Batch [4300] Loss: 3.6616
2025-04-19 17:30:21,523 | Epoch [5/5] Batch [4400] Loss: 3.9900
2025-04-19 17:30:23,673 | Epoch [5/5] Batch [4500] Loss: 3.5296
2025-04-19 17:30:25,830 | Epoch [5/5] Batch [4600] Loss: 3.7142
2025-04-19 17:30:27,990 | Epoch [5/5] Batch [4700] Loss: 3.4536
2025-04-19 17:30:30,146 | Epoch [5/5] Batch [4800] Loss: 3.4719
2025-04-19 17:30:32,296 | Epoch [5/5] Batch [4900] Loss: 3.6467
2025-04-19 17:30:34,465 | Epoch [5/5] Batch [5000] Loss: 3.7035
2025-04-19 17:30:36,615 | Epoch [5/5] Batch [5100] Loss: 3.5752
2025-04-19 17:30:38,780 | Epoch [5/5] Batch [5200] Loss: 3.4991
2025-04-19 17:30:40,939 | Epoch [5/5] Batch [5300] Loss: 3.3740
2025-04-19 17:30:43,080 | Epoch [5/5] Batch [5400] Loss: 3.4953
2025-04-19 17:30:45,237 | Epoch [5/5] Batch [5500] Loss: 3.5200
2025-04-19 17:30:47,392 | Epoch [5/5] Batch [5600] Loss: 3.4665
2025-04-19 17:30:49,551 | Epoch [5/5] Batch [5700] Loss: 3.5123
2025-04-19 17:30:51,690 | Epoch [5/5] Batch [5800] Loss: 3.5094
2025-04-19 17:30:53,850 | Epoch [5/5] Batch [5900] Loss: 3.6671
2025-04-19 17:30:56,008 | Epoch [5/5] Batch [6000] Loss: 3.5853
2025-04-19 17:30:58,163 | Epoch [5/5] Batch [6100] Loss: 3.4712
2025-04-19 17:31:00,313 | Epoch [5/5] Batch [6200] Loss: 3.4091
2025-04-19 17:31:02,470 | Epoch [5/5] Batch [6300] Loss: 4.0193
2025-04-19 17:31:04,607 | Epoch [5/5] Batch [6400] Loss: 3.4856
2025-04-19 17:31:06,751 | Epoch [5/5] Batch [6500] Loss: 3.6172
2025-04-19 17:31:08,880 | Epoch [5/5] Batch [6600] Loss: 3.4579
2025-04-19 17:31:11,019 | Epoch [5/5] Batch [6700] Loss: 3.6722
2025-04-19 17:31:13,159 | Epoch [5/5] Batch [6800] Loss: 4.0433
2025-04-19 17:31:15,294 | Epoch [5/5] Batch [6900] Loss: 4.0283
2025-04-19 17:31:17,438 | Epoch [5/5] Batch [7000] Loss: 3.9381
2025-04-19 17:31:19,569 | Epoch [5/5] Batch [7100] Loss: 3.4921
2025-04-19 17:31:21,703 | Epoch [5/5] Batch [7200] Loss: 3.5460
2025-04-19 17:31:23,849 | Epoch [5/5] Batch [7300] Loss: 3.6711
2025-04-19 17:31:26,001 | Epoch [5/5] Batch [7400] Loss: 3.5456
2025-04-19 17:31:28,181 | Epoch [5/5] Batch [7500] Loss: 3.4194
2025-04-19 17:31:30,347 | Epoch [5/5] Batch [7600] Loss: 3.6451
2025-04-19 17:31:32,514 | Epoch [5/5] Batch [7700] Loss: 3.4245
2025-04-19 17:31:34,680 | Epoch [5/5] Batch [7800] Loss: 3.4933
2025-04-19 17:31:36,836 | Epoch [5/5] Batch [7900] Loss: 3.5625
2025-04-19 17:31:38,986 | Epoch [5/5] Batch [8000] Loss: 3.5272
2025-04-19 17:31:41,140 | Epoch [5/5] Batch [8100] Loss: 3.4540
2025-04-19 17:31:43,292 | Epoch [5/5] Batch [8200] Loss: 3.5529
2025-04-19 17:31:45,459 | Epoch [5/5] Batch [8300] Loss: 3.6626
2025-04-19 17:31:47,611 | Epoch [5/5] Batch [8400] Loss: 3.4650
2025-04-19 17:31:49,768 | Epoch [5/5] Batch [8500] Loss: 3.3387
2025-04-19 17:31:51,895 | Epoch [5/5] Batch [8600] Loss: 3.6969
2025-04-19 17:31:54,041 | Epoch [5/5] Batch [8700] Loss: 3.5231
2025-04-19 17:31:56,201 | Epoch [5/5] Batch [8800] Loss: 3.4583
2025-04-19 17:31:58,353 | Epoch [5/5] Batch [8900] Loss: 3.6451
2025-04-19 17:32:00,515 | Epoch [5/5] Batch [9000] Loss: 3.4435
2025-04-19 17:32:02,680 | Epoch [5/5] Batch [9100] Loss: 3.4025
2025-04-19 17:32:04,851 | Epoch [5/5] Batch [9200] Loss: 3.4732
2025-04-19 17:32:07,005 | Epoch [5/5] Batch [9300] Loss: 3.5047
2025-04-19 17:32:09,167 | Epoch [5/5] Batch [9400] Loss: 3.5089
2025-04-19 17:32:11,311 | Epoch [5/5] Batch [9500] Loss: 3.8851
2025-04-19 17:32:13,447 | Epoch [5/5] Batch [9600] Loss: 3.2744
2025-04-19 17:32:15,587 | Epoch [5/5] Batch [9700] Loss: 3.5582
2025-04-19 17:32:17,727 | Epoch [5/5] Batch [9800] Loss: 3.3480
2025-04-19 17:32:19,870 | Epoch [5/5] Batch [9900] Loss: 3.4593
2025-04-19 17:32:22,005 | Epoch [5/5] Batch [10000] Loss: 3.4919
2025-04-19 17:32:24,144 | Epoch [5/5] Batch [10100] Loss: 3.3311
2025-04-19 17:32:26,290 | Epoch [5/5] Batch [10200] Loss: 3.5260
2025-04-19 17:32:28,429 | Epoch [5/5] Batch [10300] Loss: 3.5165
2025-04-19 17:32:37,778 | Epoch 5 | Train Loss: 3.6504 | Val Loss: 7.1849
2025-04-19 17:32:37,918 | Saved best model to decoder_checkpoints/best_decoder_d128_h8_l6_ff512_dp0.1_ls20_e1_val6.3837.pt
2025-04-19 17:32:37,919 | Training completed in 1150.65s
2025-04-19 17:32:37,919 | Done!
