2025-04-18 18:15:36,342 | Logging to: decoder_logs/decoder_train_20250418_181536.log
2025-04-18 18:15:46,267 | === Starting Training ===
2025-04-18 18:15:56,347 | Epoch [1/5] Batch [100] Loss: 10.3850
2025-04-18 18:15:57,738 | Epoch [1/5] Batch [200] Loss: 8.1292
2025-04-18 18:15:59,123 | Epoch [1/5] Batch [300] Loss: 7.4212
2025-04-18 18:16:00,508 | Epoch [1/5] Batch [400] Loss: 7.0976
2025-04-18 18:16:01,891 | Epoch [1/5] Batch [500] Loss: 7.0566
2025-04-18 18:16:03,275 | Epoch [1/5] Batch [600] Loss: 6.9862
2025-04-18 18:16:04,660 | Epoch [1/5] Batch [700] Loss: 6.9299
2025-04-18 18:16:06,043 | Epoch [1/5] Batch [800] Loss: 6.9909
2025-04-18 18:16:07,426 | Epoch [1/5] Batch [900] Loss: 6.8000
2025-04-18 18:16:08,809 | Epoch [1/5] Batch [1000] Loss: 6.8944
2025-04-18 18:16:10,193 | Epoch [1/5] Batch [1100] Loss: 6.8355
2025-04-18 18:16:11,576 | Epoch [1/5] Batch [1200] Loss: 6.8381
2025-04-18 18:16:12,960 | Epoch [1/5] Batch [1300] Loss: 6.8264
2025-04-18 18:16:14,343 | Epoch [1/5] Batch [1400] Loss: 6.6288
2025-04-18 18:16:15,727 | Epoch [1/5] Batch [1500] Loss: 6.7051
2025-04-18 18:16:17,113 | Epoch [1/5] Batch [1600] Loss: 6.7049
2025-04-18 18:16:18,498 | Epoch [1/5] Batch [1700] Loss: 6.5195
2025-04-18 18:16:19,897 | Epoch [1/5] Batch [1800] Loss: 6.5636
2025-04-18 18:16:21,280 | Epoch [1/5] Batch [1900] Loss: 6.5371
2025-04-18 18:16:22,663 | Epoch [1/5] Batch [2000] Loss: 6.5489
2025-04-18 18:16:24,047 | Epoch [1/5] Batch [2100] Loss: 6.5473
2025-04-18 18:16:25,432 | Epoch [1/5] Batch [2200] Loss: 6.4664
2025-04-18 18:16:26,817 | Epoch [1/5] Batch [2300] Loss: 6.3653
2025-04-18 18:16:28,204 | Epoch [1/5] Batch [2400] Loss: 6.4066
2025-04-18 18:16:29,590 | Epoch [1/5] Batch [2500] Loss: 6.3115
2025-04-18 18:16:30,976 | Epoch [1/5] Batch [2600] Loss: 6.3364
2025-04-18 18:16:32,362 | Epoch [1/5] Batch [2700] Loss: 6.1976
2025-04-18 18:16:33,747 | Epoch [1/5] Batch [2800] Loss: 6.3764
2025-04-18 18:16:35,132 | Epoch [1/5] Batch [2900] Loss: 6.3524
2025-04-18 18:16:36,517 | Epoch [1/5] Batch [3000] Loss: 6.3894
2025-04-18 18:16:37,901 | Epoch [1/5] Batch [3100] Loss: 6.2067
2025-04-18 18:16:39,285 | Epoch [1/5] Batch [3200] Loss: 6.1866
2025-04-18 18:16:40,671 | Epoch [1/5] Batch [3300] Loss: 6.0922
2025-04-18 18:16:42,055 | Epoch [1/5] Batch [3400] Loss: 6.1894
2025-04-18 18:16:43,439 | Epoch [1/5] Batch [3500] Loss: 6.2409
2025-04-18 18:16:44,824 | Epoch [1/5] Batch [3600] Loss: 6.1733
2025-04-18 18:16:46,209 | Epoch [1/5] Batch [3700] Loss: 6.1244
2025-04-18 18:16:47,594 | Epoch [1/5] Batch [3800] Loss: 6.0619
2025-04-18 18:16:48,984 | Epoch [1/5] Batch [3900] Loss: 6.0900
2025-04-18 18:16:50,386 | Epoch [1/5] Batch [4000] Loss: 5.9232
2025-04-18 18:16:51,771 | Epoch [1/5] Batch [4100] Loss: 6.1809
2025-04-18 18:16:53,157 | Epoch [1/5] Batch [4200] Loss: 6.0364
2025-04-18 18:16:54,542 | Epoch [1/5] Batch [4300] Loss: 6.1396
2025-04-18 18:16:55,927 | Epoch [1/5] Batch [4400] Loss: 6.0348
2025-04-18 18:16:57,310 | Epoch [1/5] Batch [4500] Loss: 5.9898
2025-04-18 18:16:58,693 | Epoch [1/5] Batch [4600] Loss: 6.1332
2025-04-18 18:17:00,075 | Epoch [1/5] Batch [4700] Loss: 5.9201
2025-04-18 18:17:01,458 | Epoch [1/5] Batch [4800] Loss: 5.9457
2025-04-18 18:17:02,841 | Epoch [1/5] Batch [4900] Loss: 5.9073
2025-04-18 18:17:04,224 | Epoch [1/5] Batch [5000] Loss: 5.8192
2025-04-18 18:17:05,609 | Epoch [1/5] Batch [5100] Loss: 5.9767
2025-04-18 18:17:06,998 | Epoch [1/5] Batch [5200] Loss: 5.9191
2025-04-18 18:17:08,386 | Epoch [1/5] Batch [5300] Loss: 5.9166
2025-04-18 18:17:09,776 | Epoch [1/5] Batch [5400] Loss: 5.9682
2025-04-18 18:17:11,162 | Epoch [1/5] Batch [5500] Loss: 6.0338
2025-04-18 18:17:12,548 | Epoch [1/5] Batch [5600] Loss: 5.8549
2025-04-18 18:17:13,935 | Epoch [1/5] Batch [5700] Loss: 5.8208
2025-04-18 18:17:15,320 | Epoch [1/5] Batch [5800] Loss: 5.7655
2025-04-18 18:17:16,706 | Epoch [1/5] Batch [5900] Loss: 5.7974
2025-04-18 18:17:18,091 | Epoch [1/5] Batch [6000] Loss: 5.7738
2025-04-18 18:17:19,480 | Epoch [1/5] Batch [6100] Loss: 5.9535
2025-04-18 18:17:20,877 | Epoch [1/5] Batch [6200] Loss: 5.7539
2025-04-18 18:17:22,263 | Epoch [1/5] Batch [6300] Loss: 5.7769
2025-04-18 18:17:23,647 | Epoch [1/5] Batch [6400] Loss: 5.7424
2025-04-18 18:17:25,031 | Epoch [1/5] Batch [6500] Loss: 5.7773
2025-04-18 18:17:26,414 | Epoch [1/5] Batch [6600] Loss: 5.8188
2025-04-18 18:17:27,795 | Epoch [1/5] Batch [6700] Loss: 5.6948
2025-04-18 18:17:29,178 | Epoch [1/5] Batch [6800] Loss: 5.6500
2025-04-18 18:17:30,560 | Epoch [1/5] Batch [6900] Loss: 5.8019
2025-04-18 18:17:31,943 | Epoch [1/5] Batch [7000] Loss: 5.7761
2025-04-18 18:17:33,325 | Epoch [1/5] Batch [7100] Loss: 5.5711
2025-04-18 18:17:34,707 | Epoch [1/5] Batch [7200] Loss: 5.7330
2025-04-18 18:17:36,088 | Epoch [1/5] Batch [7300] Loss: 5.7658
2025-04-18 18:17:37,472 | Epoch [1/5] Batch [7400] Loss: 5.5982
2025-04-18 18:17:38,855 | Epoch [1/5] Batch [7500] Loss: 5.6589
2025-04-18 18:17:40,238 | Epoch [1/5] Batch [7600] Loss: 5.6713
2025-04-18 18:17:41,620 | Epoch [1/5] Batch [7700] Loss: 5.6468
2025-04-18 18:17:43,002 | Epoch [1/5] Batch [7800] Loss: 5.4964
2025-04-18 18:17:44,385 | Epoch [1/5] Batch [7900] Loss: 5.4646
2025-04-18 18:17:45,769 | Epoch [1/5] Batch [8000] Loss: 5.6569
2025-04-18 18:17:47,151 | Epoch [1/5] Batch [8100] Loss: 5.5227
2025-04-18 18:17:48,535 | Epoch [1/5] Batch [8200] Loss: 5.5037
2025-04-18 18:17:49,935 | Epoch [1/5] Batch [8300] Loss: 5.5641
2025-04-18 18:17:51,317 | Epoch [1/5] Batch [8400] Loss: 5.4545
2025-04-18 18:17:52,700 | Epoch [1/5] Batch [8500] Loss: 5.5435
2025-04-18 18:17:54,083 | Epoch [1/5] Batch [8600] Loss: 5.6516
2025-04-18 18:17:55,465 | Epoch [1/5] Batch [8700] Loss: 5.4994
2025-04-18 18:17:56,846 | Epoch [1/5] Batch [8800] Loss: 5.4301
2025-04-18 18:17:58,228 | Epoch [1/5] Batch [8900] Loss: 5.4231
2025-04-18 18:17:59,609 | Epoch [1/5] Batch [9000] Loss: 5.3928
2025-04-18 18:18:00,993 | Epoch [1/5] Batch [9100] Loss: 5.4351
2025-04-18 18:18:02,375 | Epoch [1/5] Batch [9200] Loss: 5.4827
2025-04-18 18:18:03,757 | Epoch [1/5] Batch [9300] Loss: 5.3632
2025-04-18 18:18:05,139 | Epoch [1/5] Batch [9400] Loss: 5.3994
2025-04-18 18:18:06,523 | Epoch [1/5] Batch [9500] Loss: 5.3242
2025-04-18 18:18:07,906 | Epoch [1/5] Batch [9600] Loss: 5.3800
2025-04-18 18:18:09,289 | Epoch [1/5] Batch [9700] Loss: 5.5592
2025-04-18 18:18:10,672 | Epoch [1/5] Batch [9800] Loss: 5.2570
2025-04-18 18:18:12,056 | Epoch [1/5] Batch [9900] Loss: 5.2039
2025-04-18 18:18:13,438 | Epoch [1/5] Batch [10000] Loss: 5.3679
2025-04-18 18:18:14,821 | Epoch [1/5] Batch [10100] Loss: 5.4272
2025-04-18 18:18:16,204 | Epoch [1/5] Batch [10200] Loss: 5.3393
2025-04-18 18:18:17,587 | Epoch [1/5] Batch [10300] Loss: 5.1093
2025-04-18 18:18:18,975 | Epoch [1/5] Batch [10400] Loss: 5.2862
2025-04-18 18:18:20,370 | Epoch [1/5] Batch [10500] Loss: 5.2331
2025-04-18 18:18:21,753 | Epoch [1/5] Batch [10600] Loss: 5.2416
2025-04-18 18:18:23,138 | Epoch [1/5] Batch [10700] Loss: 5.1956
2025-04-18 18:18:24,521 | Epoch [1/5] Batch [10800] Loss: 5.3982
2025-04-18 18:18:25,903 | Epoch [1/5] Batch [10900] Loss: 5.2249
2025-04-18 18:18:27,285 | Epoch [1/5] Batch [11000] Loss: 5.1948
2025-04-18 18:18:28,667 | Epoch [1/5] Batch [11100] Loss: 5.1693
2025-04-18 18:18:30,049 | Epoch [1/5] Batch [11200] Loss: 5.1682
2025-04-18 18:18:31,433 | Epoch [1/5] Batch [11300] Loss: 5.2340
2025-04-18 18:18:32,815 | Epoch [1/5] Batch [11400] Loss: 5.1964
2025-04-18 18:18:34,198 | Epoch [1/5] Batch [11500] Loss: 5.1939
2025-04-18 18:18:35,581 | Epoch [1/5] Batch [11600] Loss: 5.2505
2025-04-18 18:18:36,964 | Epoch [1/5] Batch [11700] Loss: 5.2602
2025-04-18 18:18:38,347 | Epoch [1/5] Batch [11800] Loss: 5.2985
2025-04-18 18:18:39,730 | Epoch [1/5] Batch [11900] Loss: 5.2501
2025-04-18 18:18:41,113 | Epoch [1/5] Batch [12000] Loss: 5.2949
2025-04-18 18:18:42,504 | Epoch [1/5] Batch [12100] Loss: 5.1867
2025-04-18 18:18:43,891 | Epoch [1/5] Batch [12200] Loss: 5.1978
2025-04-18 18:18:45,275 | Epoch [1/5] Batch [12300] Loss: 5.0557
2025-04-18 18:18:46,658 | Epoch [1/5] Batch [12400] Loss: 5.0429
2025-04-18 18:18:48,039 | Epoch [1/5] Batch [12500] Loss: 5.0760
2025-04-18 18:18:49,425 | Epoch [1/5] Batch [12600] Loss: 5.1693
2025-04-18 18:18:50,818 | Epoch [1/5] Batch [12700] Loss: 5.2441
2025-04-18 18:18:52,203 | Epoch [1/5] Batch [12800] Loss: 5.2289
2025-04-18 18:18:53,587 | Epoch [1/5] Batch [12900] Loss: 5.1461
2025-04-18 18:18:54,971 | Epoch [1/5] Batch [13000] Loss: 5.1104
2025-04-18 18:18:56,355 | Epoch [1/5] Batch [13100] Loss: 5.0107
2025-04-18 18:18:57,737 | Epoch [1/5] Batch [13200] Loss: 5.1738
2025-04-18 18:18:59,120 | Epoch [1/5] Batch [13300] Loss: 5.1938
2025-04-18 18:19:00,502 | Epoch [1/5] Batch [13400] Loss: 5.2056
2025-04-18 18:19:01,885 | Epoch [1/5] Batch [13500] Loss: 4.9361
2025-04-18 18:19:03,268 | Epoch [1/5] Batch [13600] Loss: 5.1197
2025-04-18 18:19:04,652 | Epoch [1/5] Batch [13700] Loss: 5.1014
2025-04-18 18:19:06,035 | Epoch [1/5] Batch [13800] Loss: 5.0652
2025-04-18 18:19:07,418 | Epoch [1/5] Batch [13900] Loss: 4.8485
2025-04-18 18:19:08,802 | Epoch [1/5] Batch [14000] Loss: 5.0603
2025-04-18 18:19:10,185 | Epoch [1/5] Batch [14100] Loss: 5.0766
2025-04-18 18:19:11,570 | Epoch [1/5] Batch [14200] Loss: 5.0721
2025-04-18 18:19:12,955 | Epoch [1/5] Batch [14300] Loss: 4.9424
2025-04-18 18:19:14,339 | Epoch [1/5] Batch [14400] Loss: 4.9446
2025-04-18 18:19:15,725 | Epoch [1/5] Batch [14500] Loss: 4.9943
2025-04-18 18:19:17,110 | Epoch [1/5] Batch [14600] Loss: 4.9202
2025-04-18 18:19:18,494 | Epoch [1/5] Batch [14700] Loss: 4.9798
2025-04-18 18:19:19,894 | Epoch [1/5] Batch [14800] Loss: 4.9728
2025-04-18 18:19:21,278 | Epoch [1/5] Batch [14900] Loss: 5.1349
2025-04-18 18:19:22,661 | Epoch [1/5] Batch [15000] Loss: 4.8769
2025-04-18 18:19:24,048 | Epoch [1/5] Batch [15100] Loss: 5.1426
2025-04-18 18:19:25,431 | Epoch [1/5] Batch [15200] Loss: 4.8323
2025-04-18 18:19:26,814 | Epoch [1/5] Batch [15300] Loss: 5.0471
2025-04-18 18:19:28,197 | Epoch [1/5] Batch [15400] Loss: 4.8647
2025-04-18 18:19:29,583 | Epoch [1/5] Batch [15500] Loss: 5.0105
2025-04-18 18:19:30,968 | Epoch [1/5] Batch [15600] Loss: 4.9451
2025-04-18 18:19:32,351 | Epoch [1/5] Batch [15700] Loss: 5.0216
2025-04-18 18:19:33,734 | Epoch [1/5] Batch [15800] Loss: 5.0743
2025-04-18 18:19:35,117 | Epoch [1/5] Batch [15900] Loss: 4.8592
2025-04-18 18:19:36,499 | Epoch [1/5] Batch [16000] Loss: 4.9981
2025-04-18 18:19:37,882 | Epoch [1/5] Batch [16100] Loss: 4.7472
2025-04-18 18:19:39,264 | Epoch [1/5] Batch [16200] Loss: 4.9510
2025-04-18 18:19:40,648 | Epoch [1/5] Batch [16300] Loss: 4.9265
2025-04-18 18:19:42,031 | Epoch [1/5] Batch [16400] Loss: 4.9725
2025-04-18 18:19:43,415 | Epoch [1/5] Batch [16500] Loss: 4.7413
2025-04-18 18:19:44,798 | Epoch [1/5] Batch [16600] Loss: 4.8716
2025-04-18 18:19:46,182 | Epoch [1/5] Batch [16700] Loss: 4.7747
2025-04-18 18:19:47,565 | Epoch [1/5] Batch [16800] Loss: 4.8191
2025-04-18 18:19:48,953 | Epoch [1/5] Batch [16900] Loss: 4.7370
2025-04-18 18:19:50,343 | Epoch [1/5] Batch [17000] Loss: 4.8710
2025-04-18 18:19:51,726 | Epoch [1/5] Batch [17100] Loss: 4.6348
2025-04-18 18:19:53,109 | Epoch [1/5] Batch [17200] Loss: 4.9166
2025-04-18 18:19:54,492 | Epoch [1/5] Batch [17300] Loss: 4.7632
2025-04-18 18:19:55,876 | Epoch [1/5] Batch [17400] Loss: 4.9389
2025-04-18 18:19:57,258 | Epoch [1/5] Batch [17500] Loss: 4.8210
2025-04-18 18:19:58,641 | Epoch [1/5] Batch [17600] Loss: 4.8073
2025-04-18 18:20:00,024 | Epoch [1/5] Batch [17700] Loss: 4.9754
2025-04-18 18:20:01,408 | Epoch [1/5] Batch [17800] Loss: 4.8020
2025-04-18 18:20:02,791 | Epoch [1/5] Batch [17900] Loss: 4.8382
2025-04-18 18:20:04,175 | Epoch [1/5] Batch [18000] Loss: 4.7054
2025-04-18 18:20:05,558 | Epoch [1/5] Batch [18100] Loss: 4.8033
2025-04-18 18:20:06,941 | Epoch [1/5] Batch [18200] Loss: 4.7932
2025-04-18 18:20:08,325 | Epoch [1/5] Batch [18300] Loss: 4.9563
2025-04-18 18:20:09,708 | Epoch [1/5] Batch [18400] Loss: 4.5426
2025-04-18 18:20:11,092 | Epoch [1/5] Batch [18500] Loss: 4.6276
2025-04-18 18:20:12,476 | Epoch [1/5] Batch [18600] Loss: 4.8293
2025-04-18 18:20:13,860 | Epoch [1/5] Batch [18700] Loss: 4.8895
2025-04-18 18:20:15,243 | Epoch [1/5] Batch [18800] Loss: 4.8773
2025-04-18 18:20:16,627 | Epoch [1/5] Batch [18900] Loss: 4.7203
2025-04-18 18:20:18,011 | Epoch [1/5] Batch [19000] Loss: 4.5603
2025-04-18 18:20:19,399 | Epoch [1/5] Batch [19100] Loss: 4.8078
2025-04-18 18:20:20,791 | Epoch [1/5] Batch [19200] Loss: 4.6718
2025-04-18 18:20:22,175 | Epoch [1/5] Batch [19300] Loss: 4.8100
2025-04-18 18:20:23,559 | Epoch [1/5] Batch [19400] Loss: 4.6646
2025-04-18 18:20:24,942 | Epoch [1/5] Batch [19500] Loss: 4.7256
2025-04-18 18:20:26,325 | Epoch [1/5] Batch [19600] Loss: 4.7851
2025-04-18 18:20:27,708 | Epoch [1/5] Batch [19700] Loss: 4.6625
2025-04-18 18:20:29,092 | Epoch [1/5] Batch [19800] Loss: 4.5687
2025-04-18 18:20:30,476 | Epoch [1/5] Batch [19900] Loss: 4.6340
2025-04-18 18:20:31,859 | Epoch [1/5] Batch [20000] Loss: 4.7822
2025-04-18 18:20:33,242 | Epoch [1/5] Batch [20100] Loss: 4.6489
2025-04-18 18:20:34,627 | Epoch [1/5] Batch [20200] Loss: 4.7223
2025-04-18 18:20:36,010 | Epoch [1/5] Batch [20300] Loss: 4.6622
2025-04-18 18:20:37,393 | Epoch [1/5] Batch [20400] Loss: 4.5904
2025-04-18 18:20:38,776 | Epoch [1/5] Batch [20500] Loss: 4.4942
2025-04-18 18:20:40,161 | Epoch [1/5] Batch [20600] Loss: 4.7299
2025-04-18 18:20:52,173 | New best model with val loss: 6.4181
2025-04-18 18:20:52,173 | Epoch 1 | Train Loss: 5.5182 | Val Loss: 6.4181
2025-04-18 18:20:53,581 | Epoch [2/5] Batch [100] Loss: 4.6508
2025-04-18 18:20:54,967 | Epoch [2/5] Batch [200] Loss: 4.7799
2025-04-18 18:20:56,352 | Epoch [2/5] Batch [300] Loss: 4.5874
2025-04-18 18:20:57,736 | Epoch [2/5] Batch [400] Loss: 4.7139
2025-04-18 18:20:59,122 | Epoch [2/5] Batch [500] Loss: 4.6163
2025-04-18 18:21:00,506 | Epoch [2/5] Batch [600] Loss: 4.7119
2025-04-18 18:21:01,892 | Epoch [2/5] Batch [700] Loss: 4.5817
2025-04-18 18:21:03,278 | Epoch [2/5] Batch [800] Loss: 4.5705
2025-04-18 18:21:04,662 | Epoch [2/5] Batch [900] Loss: 4.4734
2025-04-18 18:21:06,046 | Epoch [2/5] Batch [1000] Loss: 4.6225
2025-04-18 18:21:07,431 | Epoch [2/5] Batch [1100] Loss: 4.4893
2025-04-18 18:21:08,815 | Epoch [2/5] Batch [1200] Loss: 4.6236
2025-04-18 18:21:10,200 | Epoch [2/5] Batch [1300] Loss: 4.7120
2025-04-18 18:21:11,584 | Epoch [2/5] Batch [1400] Loss: 4.5199
2025-04-18 18:21:12,969 | Epoch [2/5] Batch [1500] Loss: 4.6869
2025-04-18 18:21:14,354 | Epoch [2/5] Batch [1600] Loss: 4.4305
2025-04-18 18:21:15,738 | Epoch [2/5] Batch [1700] Loss: 4.6854
2025-04-18 18:21:17,122 | Epoch [2/5] Batch [1800] Loss: 4.5206
2025-04-18 18:21:18,506 | Epoch [2/5] Batch [1900] Loss: 4.6109
2025-04-18 18:21:19,902 | Epoch [2/5] Batch [2000] Loss: 4.5220
2025-04-18 18:21:21,285 | Epoch [2/5] Batch [2100] Loss: 4.5700
2025-04-18 18:21:22,670 | Epoch [2/5] Batch [2200] Loss: 4.7047
2025-04-18 18:21:24,054 | Epoch [2/5] Batch [2300] Loss: 4.4933
2025-04-18 18:21:25,437 | Epoch [2/5] Batch [2400] Loss: 4.6885
2025-04-18 18:21:26,820 | Epoch [2/5] Batch [2500] Loss: 4.4228
2025-04-18 18:21:28,204 | Epoch [2/5] Batch [2600] Loss: 4.5805
2025-04-18 18:21:29,588 | Epoch [2/5] Batch [2700] Loss: 4.3652
2025-04-18 18:21:30,971 | Epoch [2/5] Batch [2800] Loss: 4.5060
2025-04-18 18:21:32,355 | Epoch [2/5] Batch [2900] Loss: 4.3111
2025-04-18 18:21:33,738 | Epoch [2/5] Batch [3000] Loss: 4.6407
2025-04-18 18:21:35,122 | Epoch [2/5] Batch [3100] Loss: 4.5590
2025-04-18 18:21:36,506 | Epoch [2/5] Batch [3200] Loss: 4.5523
2025-04-18 18:21:37,890 | Epoch [2/5] Batch [3300] Loss: 4.3975
2025-04-18 18:21:39,273 | Epoch [2/5] Batch [3400] Loss: 4.3253
2025-04-18 18:21:40,657 | Epoch [2/5] Batch [3500] Loss: 4.5518
2025-04-18 18:21:42,041 | Epoch [2/5] Batch [3600] Loss: 4.5712
2025-04-18 18:21:43,424 | Epoch [2/5] Batch [3700] Loss: 4.3173
2025-04-18 18:21:44,809 | Epoch [2/5] Batch [3800] Loss: 4.6494
2025-04-18 18:21:46,192 | Epoch [2/5] Batch [3900] Loss: 4.2588
2025-04-18 18:21:47,576 | Epoch [2/5] Batch [4000] Loss: 4.3575
2025-04-18 18:21:48,967 | Epoch [2/5] Batch [4100] Loss: 4.4281
2025-04-18 18:21:50,359 | Epoch [2/5] Batch [4200] Loss: 4.3422
2025-04-18 18:21:51,742 | Epoch [2/5] Batch [4300] Loss: 4.4401
2025-04-18 18:21:53,126 | Epoch [2/5] Batch [4400] Loss: 4.3714
2025-04-18 18:21:54,510 | Epoch [2/5] Batch [4500] Loss: 4.3600
2025-04-18 18:21:55,894 | Epoch [2/5] Batch [4600] Loss: 4.4274
2025-04-18 18:21:57,277 | Epoch [2/5] Batch [4700] Loss: 4.3189
2025-04-18 18:21:58,661 | Epoch [2/5] Batch [4800] Loss: 4.5098
2025-04-18 18:22:00,044 | Epoch [2/5] Batch [4900] Loss: 4.3342
2025-04-18 18:22:01,428 | Epoch [2/5] Batch [5000] Loss: 4.4606
2025-04-18 18:22:02,811 | Epoch [2/5] Batch [5100] Loss: 4.1257
2025-04-18 18:22:04,197 | Epoch [2/5] Batch [5200] Loss: 4.3052
2025-04-18 18:22:05,581 | Epoch [2/5] Batch [5300] Loss: 4.4549
2025-04-18 18:22:06,964 | Epoch [2/5] Batch [5400] Loss: 4.3885
2025-04-18 18:22:08,348 | Epoch [2/5] Batch [5500] Loss: 4.4351
2025-04-18 18:22:09,732 | Epoch [2/5] Batch [5600] Loss: 4.3025
2025-04-18 18:22:11,116 | Epoch [2/5] Batch [5700] Loss: 4.4306
2025-04-18 18:22:12,500 | Epoch [2/5] Batch [5800] Loss: 4.3861
2025-04-18 18:22:13,883 | Epoch [2/5] Batch [5900] Loss: 4.3792
2025-04-18 18:22:15,267 | Epoch [2/5] Batch [6000] Loss: 4.1678
2025-04-18 18:22:16,650 | Epoch [2/5] Batch [6100] Loss: 4.3234
2025-04-18 18:22:18,034 | Epoch [2/5] Batch [6200] Loss: 4.3289
2025-04-18 18:22:19,424 | Epoch [2/5] Batch [6300] Loss: 4.4844
2025-04-18 18:22:20,815 | Epoch [2/5] Batch [6400] Loss: 4.4214
2025-04-18 18:22:22,198 | Epoch [2/5] Batch [6500] Loss: 4.3859
2025-04-18 18:22:23,582 | Epoch [2/5] Batch [6600] Loss: 4.2742
2025-04-18 18:22:24,966 | Epoch [2/5] Batch [6700] Loss: 4.3170
2025-04-18 18:22:26,349 | Epoch [2/5] Batch [6800] Loss: 4.3770
2025-04-18 18:22:27,733 | Epoch [2/5] Batch [6900] Loss: 4.3640
2025-04-18 18:22:29,116 | Epoch [2/5] Batch [7000] Loss: 4.5325
2025-04-18 18:22:30,500 | Epoch [2/5] Batch [7100] Loss: 4.3235
2025-04-18 18:22:31,883 | Epoch [2/5] Batch [7200] Loss: 4.2343
2025-04-18 18:22:33,268 | Epoch [2/5] Batch [7300] Loss: 4.2981
2025-04-18 18:22:34,653 | Epoch [2/5] Batch [7400] Loss: 4.2905
2025-04-18 18:22:36,038 | Epoch [2/5] Batch [7500] Loss: 4.2035
2025-04-18 18:22:37,424 | Epoch [2/5] Batch [7600] Loss: 4.2108
2025-04-18 18:22:38,808 | Epoch [2/5] Batch [7700] Loss: 4.3119
2025-04-18 18:22:40,194 | Epoch [2/5] Batch [7800] Loss: 4.1623
2025-04-18 18:22:41,579 | Epoch [2/5] Batch [7900] Loss: 4.2001
2025-04-18 18:22:42,964 | Epoch [2/5] Batch [8000] Loss: 4.3354
2025-04-18 18:22:44,349 | Epoch [2/5] Batch [8100] Loss: 4.2453
2025-04-18 18:22:45,734 | Epoch [2/5] Batch [8200] Loss: 4.2771
2025-04-18 18:22:47,119 | Epoch [2/5] Batch [8300] Loss: 4.1498
2025-04-18 18:22:48,504 | Epoch [2/5] Batch [8400] Loss: 4.3046
2025-04-18 18:22:49,904 | Epoch [2/5] Batch [8500] Loss: 4.2198
2025-04-18 18:22:51,289 | Epoch [2/5] Batch [8600] Loss: 4.2314
2025-04-18 18:22:52,674 | Epoch [2/5] Batch [8700] Loss: 4.2938
2025-04-18 18:22:54,059 | Epoch [2/5] Batch [8800] Loss: 4.1155
2025-04-18 18:22:55,444 | Epoch [2/5] Batch [8900] Loss: 4.2343
2025-04-18 18:22:56,828 | Epoch [2/5] Batch [9000] Loss: 4.2090
2025-04-18 18:22:58,213 | Epoch [2/5] Batch [9100] Loss: 4.1370
2025-04-18 18:22:59,598 | Epoch [2/5] Batch [9200] Loss: 4.0924
2025-04-18 18:23:00,983 | Epoch [2/5] Batch [9300] Loss: 4.2936
2025-04-18 18:23:02,368 | Epoch [2/5] Batch [9400] Loss: 4.2846
2025-04-18 18:23:03,752 | Epoch [2/5] Batch [9500] Loss: 4.0640
2025-04-18 18:23:05,138 | Epoch [2/5] Batch [9600] Loss: 4.2102
2025-04-18 18:23:06,523 | Epoch [2/5] Batch [9700] Loss: 4.2888
2025-04-18 18:23:07,907 | Epoch [2/5] Batch [9800] Loss: 4.5829
2025-04-18 18:23:09,293 | Epoch [2/5] Batch [9900] Loss: 4.2257
2025-04-18 18:23:10,678 | Epoch [2/5] Batch [10000] Loss: 4.3365
2025-04-18 18:23:12,063 | Epoch [2/5] Batch [10100] Loss: 4.1904
2025-04-18 18:23:13,449 | Epoch [2/5] Batch [10200] Loss: 4.3135
2025-04-18 18:23:14,834 | Epoch [2/5] Batch [10300] Loss: 4.1063
2025-04-18 18:23:16,219 | Epoch [2/5] Batch [10400] Loss: 4.1377
2025-04-18 18:23:17,604 | Epoch [2/5] Batch [10500] Loss: 4.2353
2025-04-18 18:23:18,995 | Epoch [2/5] Batch [10600] Loss: 4.1454
2025-04-18 18:23:20,388 | Epoch [2/5] Batch [10700] Loss: 4.1816
2025-04-18 18:23:21,773 | Epoch [2/5] Batch [10800] Loss: 4.2145
2025-04-18 18:23:23,157 | Epoch [2/5] Batch [10900] Loss: 4.2773
2025-04-18 18:23:24,542 | Epoch [2/5] Batch [11000] Loss: 4.1236
2025-04-18 18:23:25,928 | Epoch [2/5] Batch [11100] Loss: 4.1417
2025-04-18 18:23:27,313 | Epoch [2/5] Batch [11200] Loss: 4.1285
2025-04-18 18:23:28,697 | Epoch [2/5] Batch [11300] Loss: 4.0719
2025-04-18 18:23:30,082 | Epoch [2/5] Batch [11400] Loss: 4.1537
2025-04-18 18:23:31,467 | Epoch [2/5] Batch [11500] Loss: 4.1834
2025-04-18 18:23:32,852 | Epoch [2/5] Batch [11600] Loss: 4.1057
2025-04-18 18:23:34,238 | Epoch [2/5] Batch [11700] Loss: 4.0304
2025-04-18 18:23:35,623 | Epoch [2/5] Batch [11800] Loss: 3.9559
2025-04-18 18:23:37,008 | Epoch [2/5] Batch [11900] Loss: 4.3181
2025-04-18 18:23:38,393 | Epoch [2/5] Batch [12000] Loss: 4.3359
2025-04-18 18:23:39,778 | Epoch [2/5] Batch [12100] Loss: 4.1443
2025-04-18 18:23:41,162 | Epoch [2/5] Batch [12200] Loss: 3.9776
2025-04-18 18:23:42,547 | Epoch [2/5] Batch [12300] Loss: 4.2658
2025-04-18 18:23:43,931 | Epoch [2/5] Batch [12400] Loss: 4.1091
2025-04-18 18:23:45,317 | Epoch [2/5] Batch [12500] Loss: 4.0155
2025-04-18 18:23:46,701 | Epoch [2/5] Batch [12600] Loss: 4.1535
2025-04-18 18:23:48,085 | Epoch [2/5] Batch [12700] Loss: 4.0663
2025-04-18 18:23:49,479 | Epoch [2/5] Batch [12800] Loss: 4.0834
2025-04-18 18:23:50,872 | Epoch [2/5] Batch [12900] Loss: 3.9438
2025-04-18 18:23:52,257 | Epoch [2/5] Batch [13000] Loss: 4.2067
2025-04-18 18:23:53,641 | Epoch [2/5] Batch [13100] Loss: 3.9817
2025-04-18 18:23:55,026 | Epoch [2/5] Batch [13200] Loss: 4.0800
2025-04-18 18:23:56,410 | Epoch [2/5] Batch [13300] Loss: 4.1211
2025-04-18 18:23:57,794 | Epoch [2/5] Batch [13400] Loss: 3.9016
2025-04-18 18:23:59,177 | Epoch [2/5] Batch [13500] Loss: 4.1375
2025-04-18 18:24:00,562 | Epoch [2/5] Batch [13600] Loss: 4.0009
2025-04-18 18:24:01,947 | Epoch [2/5] Batch [13700] Loss: 4.2770
2025-04-18 18:24:03,331 | Epoch [2/5] Batch [13800] Loss: 4.3053
2025-04-18 18:24:04,715 | Epoch [2/5] Batch [13900] Loss: 3.9605
2025-04-18 18:24:06,099 | Epoch [2/5] Batch [14000] Loss: 4.0667
2025-04-18 18:24:07,484 | Epoch [2/5] Batch [14100] Loss: 4.0337
2025-04-18 18:24:08,868 | Epoch [2/5] Batch [14200] Loss: 4.0451
2025-04-18 18:24:10,252 | Epoch [2/5] Batch [14300] Loss: 3.9365
2025-04-18 18:24:11,636 | Epoch [2/5] Batch [14400] Loss: 3.8792
2025-04-18 18:24:13,021 | Epoch [2/5] Batch [14500] Loss: 4.0670
2025-04-18 18:24:14,405 | Epoch [2/5] Batch [14600] Loss: 3.9908
2025-04-18 18:24:15,790 | Epoch [2/5] Batch [14700] Loss: 3.9897
2025-04-18 18:24:17,174 | Epoch [2/5] Batch [14800] Loss: 4.1528
2025-04-18 18:24:18,558 | Epoch [2/5] Batch [14900] Loss: 4.1819
2025-04-18 18:24:19,957 | Epoch [2/5] Batch [15000] Loss: 3.8372
2025-04-18 18:24:21,342 | Epoch [2/5] Batch [15100] Loss: 4.2619
2025-04-18 18:24:22,727 | Epoch [2/5] Batch [15200] Loss: 4.0503
2025-04-18 18:24:24,111 | Epoch [2/5] Batch [15300] Loss: 3.8547
2025-04-18 18:24:25,496 | Epoch [2/5] Batch [15400] Loss: 3.9626
2025-04-18 18:24:26,880 | Epoch [2/5] Batch [15500] Loss: 4.0504
2025-04-18 18:24:28,265 | Epoch [2/5] Batch [15600] Loss: 4.0195
2025-04-18 18:24:29,649 | Epoch [2/5] Batch [15700] Loss: 4.0945
2025-04-18 18:24:31,034 | Epoch [2/5] Batch [15800] Loss: 3.9512
2025-04-18 18:24:32,418 | Epoch [2/5] Batch [15900] Loss: 4.0546
2025-04-18 18:24:33,802 | Epoch [2/5] Batch [16000] Loss: 3.9366
2025-04-18 18:24:35,186 | Epoch [2/5] Batch [16100] Loss: 3.8690
2025-04-18 18:24:36,570 | Epoch [2/5] Batch [16200] Loss: 4.0881
2025-04-18 18:24:37,955 | Epoch [2/5] Batch [16300] Loss: 3.9170
2025-04-18 18:24:39,339 | Epoch [2/5] Batch [16400] Loss: 4.3034
2025-04-18 18:24:40,723 | Epoch [2/5] Batch [16500] Loss: 4.1002
2025-04-18 18:24:42,107 | Epoch [2/5] Batch [16600] Loss: 4.0286
2025-04-18 18:24:43,491 | Epoch [2/5] Batch [16700] Loss: 3.9918
2025-04-18 18:24:44,875 | Epoch [2/5] Batch [16800] Loss: 4.0725
2025-04-18 18:24:46,259 | Epoch [2/5] Batch [16900] Loss: 4.0802
2025-04-18 18:24:47,642 | Epoch [2/5] Batch [17000] Loss: 3.9413
2025-04-18 18:24:49,035 | Epoch [2/5] Batch [17100] Loss: 3.9781
2025-04-18 18:24:50,429 | Epoch [2/5] Batch [17200] Loss: 3.8927
2025-04-18 18:24:51,813 | Epoch [2/5] Batch [17300] Loss: 3.9101
2025-04-18 18:24:53,197 | Epoch [2/5] Batch [17400] Loss: 3.7435
2025-04-18 18:24:54,592 | Epoch [2/5] Batch [17500] Loss: 4.0219
2025-04-18 18:24:55,975 | Epoch [2/5] Batch [17600] Loss: 4.0763
2025-04-18 18:24:57,358 | Epoch [2/5] Batch [17700] Loss: 3.9006
2025-04-18 18:24:58,742 | Epoch [2/5] Batch [17800] Loss: 4.0774
2025-04-18 18:25:00,126 | Epoch [2/5] Batch [17900] Loss: 3.7828
2025-04-18 18:25:01,510 | Epoch [2/5] Batch [18000] Loss: 3.7710
2025-04-18 18:25:02,895 | Epoch [2/5] Batch [18100] Loss: 3.9492
2025-04-18 18:25:04,279 | Epoch [2/5] Batch [18200] Loss: 3.8338
2025-04-18 18:25:05,663 | Epoch [2/5] Batch [18300] Loss: 3.8884
2025-04-18 18:25:07,048 | Epoch [2/5] Batch [18400] Loss: 3.8754
2025-04-18 18:25:08,433 | Epoch [2/5] Batch [18500] Loss: 3.8906
2025-04-18 18:25:09,817 | Epoch [2/5] Batch [18600] Loss: 4.2613
2025-04-18 18:25:11,202 | Epoch [2/5] Batch [18700] Loss: 4.1386
2025-04-18 18:25:12,587 | Epoch [2/5] Batch [18800] Loss: 3.9654
2025-04-18 18:25:13,972 | Epoch [2/5] Batch [18900] Loss: 3.8015
2025-04-18 18:25:15,357 | Epoch [2/5] Batch [19000] Loss: 3.9687
2025-04-18 18:25:16,742 | Epoch [2/5] Batch [19100] Loss: 4.0210
2025-04-18 18:25:18,127 | Epoch [2/5] Batch [19200] Loss: 3.9056
2025-04-18 18:25:19,520 | Epoch [2/5] Batch [19300] Loss: 3.8620
2025-04-18 18:25:20,912 | Epoch [2/5] Batch [19400] Loss: 3.8112
2025-04-18 18:25:22,297 | Epoch [2/5] Batch [19500] Loss: 3.8980
2025-04-18 18:25:23,681 | Epoch [2/5] Batch [19600] Loss: 3.8536
2025-04-18 18:25:25,066 | Epoch [2/5] Batch [19700] Loss: 3.7568
2025-04-18 18:25:26,451 | Epoch [2/5] Batch [19800] Loss: 4.0007
2025-04-18 18:25:27,835 | Epoch [2/5] Batch [19900] Loss: 3.8480
2025-04-18 18:25:29,220 | Epoch [2/5] Batch [20000] Loss: 3.9335
2025-04-18 18:25:30,605 | Epoch [2/5] Batch [20100] Loss: 3.8824
2025-04-18 18:25:31,990 | Epoch [2/5] Batch [20200] Loss: 3.9432
2025-04-18 18:25:33,374 | Epoch [2/5] Batch [20300] Loss: 3.7822
2025-04-18 18:25:34,759 | Epoch [2/5] Batch [20400] Loss: 3.8853
2025-04-18 18:25:36,144 | Epoch [2/5] Batch [20500] Loss: 3.9981
2025-04-18 18:25:37,529 | Epoch [2/5] Batch [20600] Loss: 4.0981
2025-04-18 18:25:49,503 | Epoch 2 | Train Loss: 4.2165 | Val Loss: 6.7703
2025-04-18 18:25:50,925 | Epoch [3/5] Batch [100] Loss: 3.8351
2025-04-18 18:25:52,311 | Epoch [3/5] Batch [200] Loss: 3.7974
2025-04-18 18:25:53,696 | Epoch [3/5] Batch [300] Loss: 3.8670
2025-04-18 18:25:55,082 | Epoch [3/5] Batch [400] Loss: 3.6975
2025-04-18 18:25:56,467 | Epoch [3/5] Batch [500] Loss: 3.9015
2025-04-18 18:25:57,853 | Epoch [3/5] Batch [600] Loss: 3.7896
2025-04-18 18:25:59,238 | Epoch [3/5] Batch [700] Loss: 3.9604
2025-04-18 18:26:00,624 | Epoch [3/5] Batch [800] Loss: 3.7311
2025-04-18 18:26:02,009 | Epoch [3/5] Batch [900] Loss: 3.7821
2025-04-18 18:26:03,395 | Epoch [3/5] Batch [1000] Loss: 3.7565
2025-04-18 18:26:04,780 | Epoch [3/5] Batch [1100] Loss: 3.8440
2025-04-18 18:26:06,166 | Epoch [3/5] Batch [1200] Loss: 3.7754
2025-04-18 18:26:07,551 | Epoch [3/5] Batch [1300] Loss: 3.6780
2025-04-18 18:26:08,936 | Epoch [3/5] Batch [1400] Loss: 3.8742
2025-04-18 18:26:10,321 | Epoch [3/5] Batch [1500] Loss: 3.7184
2025-04-18 18:26:11,706 | Epoch [3/5] Batch [1600] Loss: 3.6669
2025-04-18 18:26:13,092 | Epoch [3/5] Batch [1700] Loss: 3.6881
2025-04-18 18:26:14,478 | Epoch [3/5] Batch [1800] Loss: 3.8176
2025-04-18 18:26:15,862 | Epoch [3/5] Batch [1900] Loss: 3.8262
2025-04-18 18:26:17,248 | Epoch [3/5] Batch [2000] Loss: 3.6158
2025-04-18 18:26:18,633 | Epoch [3/5] Batch [2100] Loss: 3.7853
2025-04-18 18:26:20,033 | Epoch [3/5] Batch [2200] Loss: 3.9550
2025-04-18 18:26:21,419 | Epoch [3/5] Batch [2300] Loss: 3.9561
2025-04-18 18:26:22,804 | Epoch [3/5] Batch [2400] Loss: 3.4909
2025-04-18 18:26:24,190 | Epoch [3/5] Batch [2500] Loss: 3.8610
2025-04-18 18:26:25,575 | Epoch [3/5] Batch [2600] Loss: 3.7847
2025-04-18 18:26:26,960 | Epoch [3/5] Batch [2700] Loss: 3.9766
2025-04-18 18:26:28,345 | Epoch [3/5] Batch [2800] Loss: 3.7548
2025-04-18 18:26:29,731 | Epoch [3/5] Batch [2900] Loss: 3.9637
2025-04-18 18:26:31,116 | Epoch [3/5] Batch [3000] Loss: 3.8944
2025-04-18 18:26:32,502 | Epoch [3/5] Batch [3100] Loss: 3.8373
2025-04-18 18:26:33,887 | Epoch [3/5] Batch [3200] Loss: 3.8072
2025-04-18 18:26:35,273 | Epoch [3/5] Batch [3300] Loss: 3.7763
2025-04-18 18:26:36,659 | Epoch [3/5] Batch [3400] Loss: 3.7813
2025-04-18 18:26:38,044 | Epoch [3/5] Batch [3500] Loss: 3.7763
2025-04-18 18:26:39,430 | Epoch [3/5] Batch [3600] Loss: 3.8670
2025-04-18 18:26:40,815 | Epoch [3/5] Batch [3700] Loss: 4.0276
2025-04-18 18:26:42,201 | Epoch [3/5] Batch [3800] Loss: 3.8142
2025-04-18 18:26:43,587 | Epoch [3/5] Batch [3900] Loss: 3.7794
2025-04-18 18:26:44,973 | Epoch [3/5] Batch [4000] Loss: 3.8070
2025-04-18 18:26:46,359 | Epoch [3/5] Batch [4100] Loss: 3.7510
2025-04-18 18:26:47,745 | Epoch [3/5] Batch [4200] Loss: 3.9086
2025-04-18 18:26:49,134 | Epoch [3/5] Batch [4300] Loss: 3.7663
2025-04-18 18:26:50,529 | Epoch [3/5] Batch [4400] Loss: 3.8839
2025-04-18 18:26:51,915 | Epoch [3/5] Batch [4500] Loss: 3.8006
2025-04-18 18:26:53,300 | Epoch [3/5] Batch [4600] Loss: 3.7658
2025-04-18 18:26:54,686 | Epoch [3/5] Batch [4700] Loss: 3.7859
2025-04-18 18:26:56,071 | Epoch [3/5] Batch [4800] Loss: 3.8421
2025-04-18 18:26:57,456 | Epoch [3/5] Batch [4900] Loss: 3.7866
2025-04-18 18:26:58,842 | Epoch [3/5] Batch [5000] Loss: 3.8072
2025-04-18 18:27:00,227 | Epoch [3/5] Batch [5100] Loss: 3.7857
2025-04-18 18:27:01,613 | Epoch [3/5] Batch [5200] Loss: 3.6165
2025-04-18 18:27:02,999 | Epoch [3/5] Batch [5300] Loss: 3.6786
2025-04-18 18:27:04,384 | Epoch [3/5] Batch [5400] Loss: 3.7351
2025-04-18 18:27:05,770 | Epoch [3/5] Batch [5500] Loss: 3.5831
2025-04-18 18:27:07,156 | Epoch [3/5] Batch [5600] Loss: 3.8448
2025-04-18 18:27:08,541 | Epoch [3/5] Batch [5700] Loss: 3.9517
2025-04-18 18:27:09,927 | Epoch [3/5] Batch [5800] Loss: 3.6004
2025-04-18 18:27:11,313 | Epoch [3/5] Batch [5900] Loss: 3.7911
2025-04-18 18:27:12,699 | Epoch [3/5] Batch [6000] Loss: 3.6864
2025-04-18 18:27:14,084 | Epoch [3/5] Batch [6100] Loss: 3.9448
2025-04-18 18:27:15,470 | Epoch [3/5] Batch [6200] Loss: 3.5286
2025-04-18 18:27:16,856 | Epoch [3/5] Batch [6300] Loss: 3.6723
2025-04-18 18:27:18,241 | Epoch [3/5] Batch [6400] Loss: 3.6903
2025-04-18 18:27:19,632 | Epoch [3/5] Batch [6500] Loss: 3.7092
2025-04-18 18:27:21,029 | Epoch [3/5] Batch [6600] Loss: 3.7917
2025-04-18 18:27:22,414 | Epoch [3/5] Batch [6700] Loss: 3.7810
2025-04-18 18:27:23,800 | Epoch [3/5] Batch [6800] Loss: 3.5826
2025-04-18 18:27:25,185 | Epoch [3/5] Batch [6900] Loss: 3.7352
2025-04-18 18:27:26,571 | Epoch [3/5] Batch [7000] Loss: 3.8047
2025-04-18 18:27:27,957 | Epoch [3/5] Batch [7100] Loss: 3.7399
2025-04-18 18:27:29,342 | Epoch [3/5] Batch [7200] Loss: 3.5674
2025-04-18 18:27:30,728 | Epoch [3/5] Batch [7300] Loss: 3.7185
2025-04-18 18:27:32,114 | Epoch [3/5] Batch [7400] Loss: 3.6376
2025-04-18 18:27:33,500 | Epoch [3/5] Batch [7500] Loss: 3.6891
2025-04-18 18:27:34,885 | Epoch [3/5] Batch [7600] Loss: 3.4734
2025-04-18 18:27:36,271 | Epoch [3/5] Batch [7700] Loss: 3.7652
2025-04-18 18:27:37,656 | Epoch [3/5] Batch [7800] Loss: 3.5951
2025-04-18 18:27:39,041 | Epoch [3/5] Batch [7900] Loss: 3.6040
2025-04-18 18:27:40,427 | Epoch [3/5] Batch [8000] Loss: 3.6815
2025-04-18 18:27:41,812 | Epoch [3/5] Batch [8100] Loss: 3.7590
2025-04-18 18:27:43,198 | Epoch [3/5] Batch [8200] Loss: 3.6783
2025-04-18 18:27:44,583 | Epoch [3/5] Batch [8300] Loss: 3.7908
2025-04-18 18:27:45,969 | Epoch [3/5] Batch [8400] Loss: 3.7221
2025-04-18 18:27:47,354 | Epoch [3/5] Batch [8500] Loss: 3.7399
2025-04-18 18:27:48,740 | Epoch [3/5] Batch [8600] Loss: 3.8226
2025-04-18 18:27:50,143 | Epoch [3/5] Batch [8700] Loss: 3.6039
2025-04-18 18:27:51,528 | Epoch [3/5] Batch [8800] Loss: 3.5775
2025-04-18 18:27:52,913 | Epoch [3/5] Batch [8900] Loss: 3.6005
2025-04-18 18:27:54,299 | Epoch [3/5] Batch [9000] Loss: 3.6124
2025-04-18 18:27:55,685 | Epoch [3/5] Batch [9100] Loss: 3.7262
2025-04-18 18:27:57,070 | Epoch [3/5] Batch [9200] Loss: 3.7417
2025-04-18 18:27:58,455 | Epoch [3/5] Batch [9300] Loss: 3.5199
2025-04-18 18:27:59,841 | Epoch [3/5] Batch [9400] Loss: 3.6271
2025-04-18 18:28:01,226 | Epoch [3/5] Batch [9500] Loss: 3.4782
2025-04-18 18:28:02,612 | Epoch [3/5] Batch [9600] Loss: 3.6183
2025-04-18 18:28:03,997 | Epoch [3/5] Batch [9700] Loss: 3.6611
2025-04-18 18:28:05,383 | Epoch [3/5] Batch [9800] Loss: 3.5268
2025-04-18 18:28:06,769 | Epoch [3/5] Batch [9900] Loss: 3.6997
2025-04-18 18:28:08,154 | Epoch [3/5] Batch [10000] Loss: 3.7141
2025-04-18 18:28:09,539 | Epoch [3/5] Batch [10100] Loss: 3.7800
2025-04-18 18:28:10,925 | Epoch [3/5] Batch [10200] Loss: 3.6504
2025-04-18 18:28:12,310 | Epoch [3/5] Batch [10300] Loss: 3.8059
2025-04-18 18:28:13,696 | Epoch [3/5] Batch [10400] Loss: 3.7410
2025-04-18 18:28:15,082 | Epoch [3/5] Batch [10500] Loss: 3.6387
2025-04-18 18:28:16,467 | Epoch [3/5] Batch [10600] Loss: 3.7053
2025-04-18 18:28:17,853 | Epoch [3/5] Batch [10700] Loss: 3.9047
2025-04-18 18:28:19,244 | Epoch [3/5] Batch [10800] Loss: 3.7522
2025-04-18 18:28:20,638 | Epoch [3/5] Batch [10900] Loss: 3.8385
2025-04-18 18:28:22,024 | Epoch [3/5] Batch [11000] Loss: 3.4909
2025-04-18 18:28:23,409 | Epoch [3/5] Batch [11100] Loss: 3.6161
2025-04-18 18:28:24,795 | Epoch [3/5] Batch [11200] Loss: 3.7044
2025-04-18 18:28:26,180 | Epoch [3/5] Batch [11300] Loss: 3.6421
2025-04-18 18:28:27,565 | Epoch [3/5] Batch [11400] Loss: 3.7977
2025-04-18 18:28:28,950 | Epoch [3/5] Batch [11500] Loss: 3.6309
2025-04-18 18:28:30,336 | Epoch [3/5] Batch [11600] Loss: 3.7570
2025-04-18 18:28:31,722 | Epoch [3/5] Batch [11700] Loss: 3.6539
2025-04-18 18:28:33,107 | Epoch [3/5] Batch [11800] Loss: 3.7887
2025-04-18 18:28:34,493 | Epoch [3/5] Batch [11900] Loss: 3.6529
2025-04-18 18:28:35,879 | Epoch [3/5] Batch [12000] Loss: 3.3534
2025-04-18 18:28:37,264 | Epoch [3/5] Batch [12100] Loss: 3.5773
2025-04-18 18:28:38,650 | Epoch [3/5] Batch [12200] Loss: 3.4971
2025-04-18 18:28:40,036 | Epoch [3/5] Batch [12300] Loss: 3.7415
2025-04-18 18:28:41,422 | Epoch [3/5] Batch [12400] Loss: 3.6288
2025-04-18 18:28:42,807 | Epoch [3/5] Batch [12500] Loss: 3.5644
2025-04-18 18:28:44,193 | Epoch [3/5] Batch [12600] Loss: 3.5557
2025-04-18 18:28:45,578 | Epoch [3/5] Batch [12700] Loss: 3.7020
2025-04-18 18:28:46,965 | Epoch [3/5] Batch [12800] Loss: 3.4659
2025-04-18 18:28:48,350 | Epoch [3/5] Batch [12900] Loss: 3.6382
2025-04-18 18:28:49,743 | Epoch [3/5] Batch [13000] Loss: 3.4580
2025-04-18 18:28:51,138 | Epoch [3/5] Batch [13100] Loss: 3.6596
2025-04-18 18:28:52,523 | Epoch [3/5] Batch [13200] Loss: 3.7176
2025-04-18 18:28:53,908 | Epoch [3/5] Batch [13300] Loss: 3.7388
2025-04-18 18:28:55,294 | Epoch [3/5] Batch [13400] Loss: 3.6230
2025-04-18 18:28:56,680 | Epoch [3/5] Batch [13500] Loss: 3.6566
2025-04-18 18:28:58,065 | Epoch [3/5] Batch [13600] Loss: 3.7077
2025-04-18 18:28:59,450 | Epoch [3/5] Batch [13700] Loss: 3.5620
2025-04-18 18:29:00,836 | Epoch [3/5] Batch [13800] Loss: 3.6427
2025-04-18 18:29:02,222 | Epoch [3/5] Batch [13900] Loss: 3.5589
2025-04-18 18:29:03,607 | Epoch [3/5] Batch [14000] Loss: 3.4390
2025-04-18 18:29:04,993 | Epoch [3/5] Batch [14100] Loss: 3.6061
2025-04-18 18:29:06,378 | Epoch [3/5] Batch [14200] Loss: 3.4293
2025-04-18 18:29:07,764 | Epoch [3/5] Batch [14300] Loss: 3.5314
2025-04-18 18:29:09,150 | Epoch [3/5] Batch [14400] Loss: 3.6490
2025-04-18 18:29:10,535 | Epoch [3/5] Batch [14500] Loss: 3.6936
2025-04-18 18:29:11,921 | Epoch [3/5] Batch [14600] Loss: 3.5197
2025-04-18 18:29:13,307 | Epoch [3/5] Batch [14700] Loss: 3.6243
2025-04-18 18:29:14,693 | Epoch [3/5] Batch [14800] Loss: 3.5671
2025-04-18 18:29:16,079 | Epoch [3/5] Batch [14900] Loss: 3.6242
2025-04-18 18:29:17,462 | Epoch [3/5] Batch [15000] Loss: 3.4996
2025-04-18 18:29:18,846 | Epoch [3/5] Batch [15100] Loss: 3.7349
2025-04-18 18:29:20,244 | Epoch [3/5] Batch [15200] Loss: 3.4807
2025-04-18 18:29:21,628 | Epoch [3/5] Batch [15300] Loss: 3.5257
2025-04-18 18:29:23,012 | Epoch [3/5] Batch [15400] Loss: 3.4336
2025-04-18 18:29:24,397 | Epoch [3/5] Batch [15500] Loss: 3.6480
2025-04-18 18:29:25,780 | Epoch [3/5] Batch [15600] Loss: 3.4744
2025-04-18 18:29:27,164 | Epoch [3/5] Batch [15700] Loss: 3.5868
2025-04-18 18:29:28,547 | Epoch [3/5] Batch [15800] Loss: 3.6772
2025-04-18 18:29:29,931 | Epoch [3/5] Batch [15900] Loss: 3.5560
2025-04-18 18:29:31,315 | Epoch [3/5] Batch [16000] Loss: 3.4073
2025-04-18 18:29:32,699 | Epoch [3/5] Batch [16100] Loss: 3.4541
2025-04-18 18:29:34,083 | Epoch [3/5] Batch [16200] Loss: 3.4725
2025-04-18 18:29:35,466 | Epoch [3/5] Batch [16300] Loss: 3.4625
2025-04-18 18:29:36,850 | Epoch [3/5] Batch [16400] Loss: 3.4652
2025-04-18 18:29:38,234 | Epoch [3/5] Batch [16500] Loss: 3.5275
2025-04-18 18:29:39,618 | Epoch [3/5] Batch [16600] Loss: 3.6195
2025-04-18 18:29:41,002 | Epoch [3/5] Batch [16700] Loss: 3.5340
2025-04-18 18:29:42,386 | Epoch [3/5] Batch [16800] Loss: 3.5554
2025-04-18 18:29:43,769 | Epoch [3/5] Batch [16900] Loss: 3.5482
2025-04-18 18:29:45,153 | Epoch [3/5] Batch [17000] Loss: 3.5395
2025-04-18 18:29:46,537 | Epoch [3/5] Batch [17100] Loss: 3.5294
2025-04-18 18:29:47,921 | Epoch [3/5] Batch [17200] Loss: 3.4341
2025-04-18 18:29:49,313 | Epoch [3/5] Batch [17300] Loss: 3.6702
2025-04-18 18:29:50,706 | Epoch [3/5] Batch [17400] Loss: 3.5396
2025-04-18 18:29:52,090 | Epoch [3/5] Batch [17500] Loss: 3.3751
2025-04-18 18:29:53,474 | Epoch [3/5] Batch [17600] Loss: 3.5140
2025-04-18 18:29:54,859 | Epoch [3/5] Batch [17700] Loss: 3.5112
2025-04-18 18:29:56,243 | Epoch [3/5] Batch [17800] Loss: 3.4240
2025-04-18 18:29:57,627 | Epoch [3/5] Batch [17900] Loss: 3.7380
2025-04-18 18:29:59,010 | Epoch [3/5] Batch [18000] Loss: 3.5781
2025-04-18 18:30:00,394 | Epoch [3/5] Batch [18100] Loss: 3.6510
2025-04-18 18:30:01,777 | Epoch [3/5] Batch [18200] Loss: 3.3749
2025-04-18 18:30:03,160 | Epoch [3/5] Batch [18300] Loss: 3.4781
2025-04-18 18:30:04,544 | Epoch [3/5] Batch [18400] Loss: 3.6376
2025-04-18 18:30:05,928 | Epoch [3/5] Batch [18500] Loss: 3.4090
2025-04-18 18:30:07,311 | Epoch [3/5] Batch [18600] Loss: 3.4694
2025-04-18 18:30:08,695 | Epoch [3/5] Batch [18700] Loss: 3.4572
2025-04-18 18:30:10,078 | Epoch [3/5] Batch [18800] Loss: 3.4790
2025-04-18 18:30:11,462 | Epoch [3/5] Batch [18900] Loss: 3.4076
2025-04-18 18:30:12,846 | Epoch [3/5] Batch [19000] Loss: 3.5696
2025-04-18 18:30:14,230 | Epoch [3/5] Batch [19100] Loss: 3.7236
2025-04-18 18:30:15,613 | Epoch [3/5] Batch [19200] Loss: 3.4752
2025-04-18 18:30:16,997 | Epoch [3/5] Batch [19300] Loss: 3.3487
2025-04-18 18:30:18,381 | Epoch [3/5] Batch [19400] Loss: 3.6784
2025-04-18 18:30:19,771 | Epoch [3/5] Batch [19500] Loss: 3.4392
2025-04-18 18:30:21,166 | Epoch [3/5] Batch [19600] Loss: 3.4854
2025-04-18 18:30:22,551 | Epoch [3/5] Batch [19700] Loss: 3.7647
2025-04-18 18:30:23,935 | Epoch [3/5] Batch [19800] Loss: 3.8591
2025-04-18 18:30:25,319 | Epoch [3/5] Batch [19900] Loss: 3.3669
2025-04-18 18:30:26,702 | Epoch [3/5] Batch [20000] Loss: 3.5614
2025-04-18 18:30:28,086 | Epoch [3/5] Batch [20100] Loss: 3.4806
2025-04-18 18:30:29,470 | Epoch [3/5] Batch [20200] Loss: 3.3759
2025-04-18 18:30:30,855 | Epoch [3/5] Batch [20300] Loss: 3.3630
2025-04-18 18:30:32,239 | Epoch [3/5] Batch [20400] Loss: 3.4633
2025-04-18 18:30:33,623 | Epoch [3/5] Batch [20500] Loss: 3.4725
2025-04-18 18:30:35,008 | Epoch [3/5] Batch [20600] Loss: 3.5713
2025-04-18 18:30:46,996 | Epoch 3 | Train Loss: 3.6581 | Val Loss: 7.1319
2025-04-18 18:30:48,404 | Epoch [4/5] Batch [100] Loss: 3.4997
2025-04-18 18:30:49,798 | Epoch [4/5] Batch [200] Loss: 3.3741
2025-04-18 18:30:51,194 | Epoch [4/5] Batch [300] Loss: 3.6474
2025-04-18 18:30:52,579 | Epoch [4/5] Batch [400] Loss: 3.5314
2025-04-18 18:30:53,965 | Epoch [4/5] Batch [500] Loss: 3.7496
2025-04-18 18:30:55,351 | Epoch [4/5] Batch [600] Loss: 3.4320
2025-04-18 18:30:56,736 | Epoch [4/5] Batch [700] Loss: 3.2734
2025-04-18 18:30:58,122 | Epoch [4/5] Batch [800] Loss: 3.2970
2025-04-18 18:30:59,508 | Epoch [4/5] Batch [900] Loss: 3.5503
2025-04-18 18:31:00,893 | Epoch [4/5] Batch [1000] Loss: 3.2862
2025-04-18 18:31:02,279 | Epoch [4/5] Batch [1100] Loss: 3.4372
2025-04-18 18:31:03,665 | Epoch [4/5] Batch [1200] Loss: 3.4201
2025-04-18 18:31:05,049 | Epoch [4/5] Batch [1300] Loss: 3.3793
2025-04-18 18:31:06,435 | Epoch [4/5] Batch [1400] Loss: 3.5368
2025-04-18 18:31:07,821 | Epoch [4/5] Batch [1500] Loss: 3.4125
2025-04-18 18:31:09,206 | Epoch [4/5] Batch [1600] Loss: 3.4985
2025-04-18 18:31:10,592 | Epoch [4/5] Batch [1700] Loss: 3.3387
2025-04-18 18:31:11,977 | Epoch [4/5] Batch [1800] Loss: 3.2958
2025-04-18 18:31:13,362 | Epoch [4/5] Batch [1900] Loss: 3.6222
2025-04-18 18:31:14,748 | Epoch [4/5] Batch [2000] Loss: 3.2484
2025-04-18 18:31:16,133 | Epoch [4/5] Batch [2100] Loss: 3.3523
2025-04-18 18:31:17,519 | Epoch [4/5] Batch [2200] Loss: 3.3108
2025-04-18 18:31:18,904 | Epoch [4/5] Batch [2300] Loss: 3.4049
2025-04-18 18:31:20,313 | Epoch [4/5] Batch [2400] Loss: 3.5039
2025-04-18 18:31:21,699 | Epoch [4/5] Batch [2500] Loss: 3.4569
2025-04-18 18:31:23,084 | Epoch [4/5] Batch [2600] Loss: 3.3794
2025-04-18 18:31:24,470 | Epoch [4/5] Batch [2700] Loss: 3.2904
2025-04-18 18:31:25,856 | Epoch [4/5] Batch [2800] Loss: 3.2576
2025-04-18 18:31:27,241 | Epoch [4/5] Batch [2900] Loss: 3.4056
2025-04-18 18:31:28,626 | Epoch [4/5] Batch [3000] Loss: 3.5969
2025-04-18 18:31:30,012 | Epoch [4/5] Batch [3100] Loss: 3.4250
2025-04-18 18:31:31,398 | Epoch [4/5] Batch [3200] Loss: 3.3621
2025-04-18 18:31:32,784 | Epoch [4/5] Batch [3300] Loss: 3.2395
2025-04-18 18:31:34,169 | Epoch [4/5] Batch [3400] Loss: 3.4122
2025-04-18 18:31:35,555 | Epoch [4/5] Batch [3500] Loss: 3.4658
2025-04-18 18:31:36,941 | Epoch [4/5] Batch [3600] Loss: 3.4429
2025-04-18 18:31:38,327 | Epoch [4/5] Batch [3700] Loss: 3.5851
2025-04-18 18:31:39,713 | Epoch [4/5] Batch [3800] Loss: 3.4702
2025-04-18 18:31:41,099 | Epoch [4/5] Batch [3900] Loss: 3.5654
2025-04-18 18:31:42,485 | Epoch [4/5] Batch [4000] Loss: 3.2349
2025-04-18 18:31:43,870 | Epoch [4/5] Batch [4100] Loss: 3.3330
2025-04-18 18:31:45,256 | Epoch [4/5] Batch [4200] Loss: 3.4560
2025-04-18 18:31:46,642 | Epoch [4/5] Batch [4300] Loss: 3.5561
2025-04-18 18:31:48,027 | Epoch [4/5] Batch [4400] Loss: 3.3822
2025-04-18 18:31:49,419 | Epoch [4/5] Batch [4500] Loss: 3.4885
2025-04-18 18:31:50,814 | Epoch [4/5] Batch [4600] Loss: 3.3027
2025-04-18 18:31:52,199 | Epoch [4/5] Batch [4700] Loss: 3.4804
2025-04-18 18:31:53,586 | Epoch [4/5] Batch [4800] Loss: 3.5400
2025-04-18 18:31:54,972 | Epoch [4/5] Batch [4900] Loss: 3.5689
2025-04-18 18:31:56,357 | Epoch [4/5] Batch [5000] Loss: 3.2264
2025-04-18 18:31:57,743 | Epoch [4/5] Batch [5100] Loss: 3.4311
2025-04-18 18:31:59,128 | Epoch [4/5] Batch [5200] Loss: 3.3623
2025-04-18 18:32:00,514 | Epoch [4/5] Batch [5300] Loss: 3.4275
2025-04-18 18:32:01,899 | Epoch [4/5] Batch [5400] Loss: 3.2780
2025-04-18 18:32:03,285 | Epoch [4/5] Batch [5500] Loss: 3.5447
2025-04-18 18:32:04,670 | Epoch [4/5] Batch [5600] Loss: 3.3190
2025-04-18 18:32:06,056 | Epoch [4/5] Batch [5700] Loss: 3.3826
2025-04-18 18:32:07,440 | Epoch [4/5] Batch [5800] Loss: 3.4170
2025-04-18 18:32:08,826 | Epoch [4/5] Batch [5900] Loss: 3.4409
2025-04-18 18:32:10,212 | Epoch [4/5] Batch [6000] Loss: 3.6920
2025-04-18 18:32:11,598 | Epoch [4/5] Batch [6100] Loss: 3.4697
2025-04-18 18:32:12,984 | Epoch [4/5] Batch [6200] Loss: 3.4223
2025-04-18 18:32:14,370 | Epoch [4/5] Batch [6300] Loss: 3.1487
2025-04-18 18:32:15,755 | Epoch [4/5] Batch [6400] Loss: 3.2998
2025-04-18 18:32:17,140 | Epoch [4/5] Batch [6500] Loss: 3.3549
2025-04-18 18:32:18,525 | Epoch [4/5] Batch [6600] Loss: 3.3911
2025-04-18 18:32:19,926 | Epoch [4/5] Batch [6700] Loss: 3.4406
2025-04-18 18:32:21,312 | Epoch [4/5] Batch [6800] Loss: 3.2535
2025-04-18 18:32:22,697 | Epoch [4/5] Batch [6900] Loss: 3.1356
2025-04-18 18:32:24,083 | Epoch [4/5] Batch [7000] Loss: 3.4326
2025-04-18 18:32:25,468 | Epoch [4/5] Batch [7100] Loss: 3.3788
2025-04-18 18:32:26,854 | Epoch [4/5] Batch [7200] Loss: 3.3144
2025-04-18 18:32:28,238 | Epoch [4/5] Batch [7300] Loss: 3.3776
2025-04-18 18:32:29,624 | Epoch [4/5] Batch [7400] Loss: 3.4704
2025-04-18 18:32:31,009 | Epoch [4/5] Batch [7500] Loss: 3.6105
2025-04-18 18:32:32,394 | Epoch [4/5] Batch [7600] Loss: 3.3703
2025-04-18 18:32:33,780 | Epoch [4/5] Batch [7700] Loss: 3.4171
2025-04-18 18:32:35,166 | Epoch [4/5] Batch [7800] Loss: 3.4356
2025-04-18 18:32:36,552 | Epoch [4/5] Batch [7900] Loss: 3.3461
2025-04-18 18:32:37,938 | Epoch [4/5] Batch [8000] Loss: 3.2151
2025-04-18 18:32:39,324 | Epoch [4/5] Batch [8100] Loss: 3.1533
2025-04-18 18:32:40,710 | Epoch [4/5] Batch [8200] Loss: 3.3018
2025-04-18 18:32:42,096 | Epoch [4/5] Batch [8300] Loss: 3.3836
2025-04-18 18:32:43,481 | Epoch [4/5] Batch [8400] Loss: 3.2745
2025-04-18 18:32:44,867 | Epoch [4/5] Batch [8500] Loss: 3.1471
2025-04-18 18:32:46,252 | Epoch [4/5] Batch [8600] Loss: 3.3103
2025-04-18 18:32:47,638 | Epoch [4/5] Batch [8700] Loss: 3.3748
2025-04-18 18:32:49,029 | Epoch [4/5] Batch [8800] Loss: 3.2488
2025-04-18 18:32:50,425 | Epoch [4/5] Batch [8900] Loss: 3.1640
2025-04-18 18:32:51,810 | Epoch [4/5] Batch [9000] Loss: 3.1656
2025-04-18 18:32:53,196 | Epoch [4/5] Batch [9100] Loss: 3.4709
2025-04-18 18:32:54,582 | Epoch [4/5] Batch [9200] Loss: 3.3638
2025-04-18 18:32:55,969 | Epoch [4/5] Batch [9300] Loss: 3.2634
2025-04-18 18:32:57,354 | Epoch [4/5] Batch [9400] Loss: 3.4707
2025-04-18 18:32:58,740 | Epoch [4/5] Batch [9500] Loss: 3.3455
2025-04-18 18:33:00,126 | Epoch [4/5] Batch [9600] Loss: 3.3909
2025-04-18 18:33:01,513 | Epoch [4/5] Batch [9700] Loss: 3.3378
2025-04-18 18:33:02,900 | Epoch [4/5] Batch [9800] Loss: 3.5752
2025-04-18 18:33:04,286 | Epoch [4/5] Batch [9900] Loss: 3.2553
2025-04-18 18:33:05,671 | Epoch [4/5] Batch [10000] Loss: 3.3545
2025-04-18 18:33:07,057 | Epoch [4/5] Batch [10100] Loss: 3.3064
2025-04-18 18:33:08,442 | Epoch [4/5] Batch [10200] Loss: 3.3133
2025-04-18 18:33:09,827 | Epoch [4/5] Batch [10300] Loss: 3.2958
2025-04-18 18:33:11,213 | Epoch [4/5] Batch [10400] Loss: 3.2399
2025-04-18 18:33:12,598 | Epoch [4/5] Batch [10500] Loss: 3.3131
2025-04-18 18:33:13,983 | Epoch [4/5] Batch [10600] Loss: 3.2972
2025-04-18 18:33:15,369 | Epoch [4/5] Batch [10700] Loss: 3.5062
2025-04-18 18:33:16,755 | Epoch [4/5] Batch [10800] Loss: 3.3657
2025-04-18 18:33:18,141 | Epoch [4/5] Batch [10900] Loss: 3.4462
2025-04-18 18:33:19,534 | Epoch [4/5] Batch [11000] Loss: 3.2533
2025-04-18 18:33:20,928 | Epoch [4/5] Batch [11100] Loss: 3.1990
2025-04-18 18:33:22,313 | Epoch [4/5] Batch [11200] Loss: 3.4010
2025-04-18 18:33:23,698 | Epoch [4/5] Batch [11300] Loss: 3.5411
2025-04-18 18:33:25,083 | Epoch [4/5] Batch [11400] Loss: 3.2175
2025-04-18 18:33:26,469 | Epoch [4/5] Batch [11500] Loss: 3.2075
2025-04-18 18:33:27,854 | Epoch [4/5] Batch [11600] Loss: 3.4133
2025-04-18 18:33:29,239 | Epoch [4/5] Batch [11700] Loss: 3.2339
2025-04-18 18:33:30,625 | Epoch [4/5] Batch [11800] Loss: 3.3271
2025-04-18 18:33:32,011 | Epoch [4/5] Batch [11900] Loss: 3.3591
2025-04-18 18:33:33,397 | Epoch [4/5] Batch [12000] Loss: 3.3911
2025-04-18 18:33:34,782 | Epoch [4/5] Batch [12100] Loss: 3.2843
2025-04-18 18:33:36,168 | Epoch [4/5] Batch [12200] Loss: 3.1239
2025-04-18 18:33:37,553 | Epoch [4/5] Batch [12300] Loss: 3.3050
2025-04-18 18:33:38,939 | Epoch [4/5] Batch [12400] Loss: 3.3470
2025-04-18 18:33:40,325 | Epoch [4/5] Batch [12500] Loss: 3.2065
2025-04-18 18:33:41,710 | Epoch [4/5] Batch [12600] Loss: 3.5069
2025-04-18 18:33:43,097 | Epoch [4/5] Batch [12700] Loss: 3.1059
2025-04-18 18:33:44,483 | Epoch [4/5] Batch [12800] Loss: 3.2801
2025-04-18 18:33:45,869 | Epoch [4/5] Batch [12900] Loss: 3.0729
2025-04-18 18:33:47,254 | Epoch [4/5] Batch [13000] Loss: 3.2807
2025-04-18 18:33:48,640 | Epoch [4/5] Batch [13100] Loss: 3.0708
2025-04-18 18:33:50,040 | Epoch [4/5] Batch [13200] Loss: 3.3561
2025-04-18 18:33:51,426 | Epoch [4/5] Batch [13300] Loss: 3.2972
2025-04-18 18:33:52,812 | Epoch [4/5] Batch [13400] Loss: 3.0832
2025-04-18 18:33:54,199 | Epoch [4/5] Batch [13500] Loss: 3.1887
2025-04-18 18:33:55,585 | Epoch [4/5] Batch [13600] Loss: 3.1016
2025-04-18 18:33:56,969 | Epoch [4/5] Batch [13700] Loss: 3.0793
2025-04-18 18:33:58,354 | Epoch [4/5] Batch [13800] Loss: 3.2047
2025-04-18 18:33:59,740 | Epoch [4/5] Batch [13900] Loss: 3.2354
2025-04-18 18:34:01,125 | Epoch [4/5] Batch [14000] Loss: 3.1847
2025-04-18 18:34:02,510 | Epoch [4/5] Batch [14100] Loss: 3.1696
2025-04-18 18:34:03,895 | Epoch [4/5] Batch [14200] Loss: 3.1729
2025-04-18 18:34:05,281 | Epoch [4/5] Batch [14300] Loss: 3.2915
2025-04-18 18:34:06,666 | Epoch [4/5] Batch [14400] Loss: 3.1752
2025-04-18 18:34:08,052 | Epoch [4/5] Batch [14500] Loss: 3.3313
2025-04-18 18:34:09,437 | Epoch [4/5] Batch [14600] Loss: 3.2767
2025-04-18 18:34:10,823 | Epoch [4/5] Batch [14700] Loss: 3.4122
2025-04-18 18:34:12,209 | Epoch [4/5] Batch [14800] Loss: 2.9719
2025-04-18 18:34:13,594 | Epoch [4/5] Batch [14900] Loss: 3.2855
2025-04-18 18:34:14,979 | Epoch [4/5] Batch [15000] Loss: 3.2533
2025-04-18 18:34:16,365 | Epoch [4/5] Batch [15100] Loss: 3.4213
2025-04-18 18:34:17,751 | Epoch [4/5] Batch [15200] Loss: 3.3675
2025-04-18 18:34:19,143 | Epoch [4/5] Batch [15300] Loss: 3.5662
2025-04-18 18:34:20,540 | Epoch [4/5] Batch [15400] Loss: 3.3964
2025-04-18 18:34:21,925 | Epoch [4/5] Batch [15500] Loss: 3.3623
2025-04-18 18:34:23,310 | Epoch [4/5] Batch [15600] Loss: 3.3329
2025-04-18 18:34:24,696 | Epoch [4/5] Batch [15700] Loss: 3.2033
2025-04-18 18:34:26,081 | Epoch [4/5] Batch [15800] Loss: 3.2104
2025-04-18 18:34:27,468 | Epoch [4/5] Batch [15900] Loss: 3.2750
2025-04-18 18:34:28,853 | Epoch [4/5] Batch [16000] Loss: 3.2989
2025-04-18 18:34:30,239 | Epoch [4/5] Batch [16100] Loss: 3.2632
2025-04-18 18:34:31,626 | Epoch [4/5] Batch [16200] Loss: 3.2540
2025-04-18 18:34:33,012 | Epoch [4/5] Batch [16300] Loss: 3.2563
2025-04-18 18:34:34,399 | Epoch [4/5] Batch [16400] Loss: 3.0345
2025-04-18 18:34:35,787 | Epoch [4/5] Batch [16500] Loss: 3.2655
2025-04-18 18:34:37,173 | Epoch [4/5] Batch [16600] Loss: 3.1416
2025-04-18 18:34:38,558 | Epoch [4/5] Batch [16700] Loss: 3.2471
2025-04-18 18:34:39,942 | Epoch [4/5] Batch [16800] Loss: 3.2330
2025-04-18 18:34:41,328 | Epoch [4/5] Batch [16900] Loss: 3.2609
2025-04-18 18:34:42,713 | Epoch [4/5] Batch [17000] Loss: 3.2114
2025-04-18 18:34:44,099 | Epoch [4/5] Batch [17100] Loss: 3.2357
2025-04-18 18:34:45,485 | Epoch [4/5] Batch [17200] Loss: 3.4040
2025-04-18 18:34:46,870 | Epoch [4/5] Batch [17300] Loss: 3.2718
2025-04-18 18:34:48,255 | Epoch [4/5] Batch [17400] Loss: 3.4208
2025-04-18 18:34:49,645 | Epoch [4/5] Batch [17500] Loss: 3.2005
2025-04-18 18:34:51,037 | Epoch [4/5] Batch [17600] Loss: 3.2262
2025-04-18 18:34:52,421 | Epoch [4/5] Batch [17700] Loss: 3.3389
2025-04-18 18:34:53,805 | Epoch [4/5] Batch [17800] Loss: 2.9461
2025-04-18 18:34:55,189 | Epoch [4/5] Batch [17900] Loss: 3.3508
2025-04-18 18:34:56,573 | Epoch [4/5] Batch [18000] Loss: 3.3257
2025-04-18 18:34:57,955 | Epoch [4/5] Batch [18100] Loss: 3.1986
2025-04-18 18:34:59,339 | Epoch [4/5] Batch [18200] Loss: 3.1006
2025-04-18 18:35:00,722 | Epoch [4/5] Batch [18300] Loss: 3.1096
2025-04-18 18:35:02,106 | Epoch [4/5] Batch [18400] Loss: 3.2652
2025-04-18 18:35:03,489 | Epoch [4/5] Batch [18500] Loss: 3.3080
2025-04-18 18:35:04,873 | Epoch [4/5] Batch [18600] Loss: 3.2932
2025-04-18 18:35:06,256 | Epoch [4/5] Batch [18700] Loss: 3.1881
2025-04-18 18:35:07,641 | Epoch [4/5] Batch [18800] Loss: 3.2184
2025-04-18 18:35:09,026 | Epoch [4/5] Batch [18900] Loss: 3.0467
2025-04-18 18:35:10,409 | Epoch [4/5] Batch [19000] Loss: 3.4099
2025-04-18 18:35:11,792 | Epoch [4/5] Batch [19100] Loss: 3.3766
2025-04-18 18:35:13,176 | Epoch [4/5] Batch [19200] Loss: 3.3042
2025-04-18 18:35:14,561 | Epoch [4/5] Batch [19300] Loss: 3.0840
2025-04-18 18:35:15,945 | Epoch [4/5] Batch [19400] Loss: 3.3513
2025-04-18 18:35:17,329 | Epoch [4/5] Batch [19500] Loss: 3.2137
2025-04-18 18:35:18,713 | Epoch [4/5] Batch [19600] Loss: 3.1126
2025-04-18 18:35:20,109 | Epoch [4/5] Batch [19700] Loss: 3.2289
2025-04-18 18:35:21,492 | Epoch [4/5] Batch [19800] Loss: 2.9914
2025-04-18 18:35:22,876 | Epoch [4/5] Batch [19900] Loss: 3.3010
2025-04-18 18:35:24,260 | Epoch [4/5] Batch [20000] Loss: 3.0064
2025-04-18 18:35:25,646 | Epoch [4/5] Batch [20100] Loss: 2.9549
2025-04-18 18:35:27,029 | Epoch [4/5] Batch [20200] Loss: 3.3407
2025-04-18 18:35:28,412 | Epoch [4/5] Batch [20300] Loss: 3.3168
2025-04-18 18:35:29,796 | Epoch [4/5] Batch [20400] Loss: 3.2071
2025-04-18 18:35:31,180 | Epoch [4/5] Batch [20500] Loss: 3.2004
2025-04-18 18:35:32,565 | Epoch [4/5] Batch [20600] Loss: 3.2737
2025-04-18 18:35:44,515 | Epoch 4 | Train Loss: 3.3293 | Val Loss: 7.4412
2025-04-18 18:35:45,922 | Epoch [5/5] Batch [100] Loss: 3.2387
2025-04-18 18:35:47,307 | Epoch [5/5] Batch [200] Loss: 3.1152
2025-04-18 18:35:48,692 | Epoch [5/5] Batch [300] Loss: 3.1366
2025-04-18 18:35:50,096 | Epoch [5/5] Batch [400] Loss: 3.3084
2025-04-18 18:35:51,480 | Epoch [5/5] Batch [500] Loss: 3.1661
2025-04-18 18:35:52,866 | Epoch [5/5] Batch [600] Loss: 3.0472
2025-04-18 18:35:54,251 | Epoch [5/5] Batch [700] Loss: 3.1080
2025-04-18 18:35:55,636 | Epoch [5/5] Batch [800] Loss: 3.1369
2025-04-18 18:35:57,020 | Epoch [5/5] Batch [900] Loss: 3.1857
2025-04-18 18:35:58,404 | Epoch [5/5] Batch [1000] Loss: 3.2999
2025-04-18 18:35:59,790 | Epoch [5/5] Batch [1100] Loss: 2.8754
2025-04-18 18:36:01,173 | Epoch [5/5] Batch [1200] Loss: 3.1469
2025-04-18 18:36:02,556 | Epoch [5/5] Batch [1300] Loss: 3.3040
2025-04-18 18:36:03,939 | Epoch [5/5] Batch [1400] Loss: 3.2797
2025-04-18 18:36:05,322 | Epoch [5/5] Batch [1500] Loss: 3.2619
2025-04-18 18:36:06,706 | Epoch [5/5] Batch [1600] Loss: 3.2391
2025-04-18 18:36:08,092 | Epoch [5/5] Batch [1700] Loss: 3.1064
2025-04-18 18:36:09,476 | Epoch [5/5] Batch [1800] Loss: 3.0243
2025-04-18 18:36:10,861 | Epoch [5/5] Batch [1900] Loss: 3.3262
2025-04-18 18:36:12,247 | Epoch [5/5] Batch [2000] Loss: 3.0882
2025-04-18 18:36:13,632 | Epoch [5/5] Batch [2100] Loss: 3.0389
2025-04-18 18:36:15,019 | Epoch [5/5] Batch [2200] Loss: 3.0759
2025-04-18 18:36:16,404 | Epoch [5/5] Batch [2300] Loss: 3.1601
2025-04-18 18:36:17,788 | Epoch [5/5] Batch [2400] Loss: 2.9705
2025-04-18 18:36:19,182 | Epoch [5/5] Batch [2500] Loss: 3.0563
2025-04-18 18:36:20,576 | Epoch [5/5] Batch [2600] Loss: 3.2826
2025-04-18 18:36:21,960 | Epoch [5/5] Batch [2700] Loss: 2.9267
2025-04-18 18:36:23,345 | Epoch [5/5] Batch [2800] Loss: 3.1541
2025-04-18 18:36:24,729 | Epoch [5/5] Batch [2900] Loss: 3.4081
2025-04-18 18:36:26,115 | Epoch [5/5] Batch [3000] Loss: 3.2366
2025-04-18 18:36:27,499 | Epoch [5/5] Batch [3100] Loss: 3.1985
2025-04-18 18:36:28,884 | Epoch [5/5] Batch [3200] Loss: 3.2904
2025-04-18 18:36:30,269 | Epoch [5/5] Batch [3300] Loss: 3.0471
2025-04-18 18:36:31,656 | Epoch [5/5] Batch [3400] Loss: 2.9600
2025-04-18 18:36:33,041 | Epoch [5/5] Batch [3500] Loss: 3.2189
2025-04-18 18:36:34,426 | Epoch [5/5] Batch [3600] Loss: 2.9627
2025-04-18 18:36:35,812 | Epoch [5/5] Batch [3700] Loss: 3.0756
2025-04-18 18:36:37,197 | Epoch [5/5] Batch [3800] Loss: 3.2667
2025-04-18 18:36:38,583 | Epoch [5/5] Batch [3900] Loss: 3.0444
2025-04-18 18:36:39,970 | Epoch [5/5] Batch [4000] Loss: 3.2521
2025-04-18 18:36:41,355 | Epoch [5/5] Batch [4100] Loss: 2.9838
2025-04-18 18:36:42,741 | Epoch [5/5] Batch [4200] Loss: 3.0981
2025-04-18 18:36:44,127 | Epoch [5/5] Batch [4300] Loss: 3.3159
2025-04-18 18:36:45,511 | Epoch [5/5] Batch [4400] Loss: 3.1075
2025-04-18 18:36:46,897 | Epoch [5/5] Batch [4500] Loss: 3.1974
2025-04-18 18:36:48,283 | Epoch [5/5] Batch [4600] Loss: 3.1878
2025-04-18 18:36:49,672 | Epoch [5/5] Batch [4700] Loss: 3.0623
2025-04-18 18:36:51,063 | Epoch [5/5] Batch [4800] Loss: 3.2039
2025-04-18 18:36:52,447 | Epoch [5/5] Batch [4900] Loss: 3.0069
2025-04-18 18:36:53,830 | Epoch [5/5] Batch [5000] Loss: 3.1267
2025-04-18 18:36:55,214 | Epoch [5/5] Batch [5100] Loss: 3.1493
2025-04-18 18:36:56,597 | Epoch [5/5] Batch [5200] Loss: 3.1311
2025-04-18 18:36:57,980 | Epoch [5/5] Batch [5300] Loss: 3.1386
2025-04-18 18:36:59,364 | Epoch [5/5] Batch [5400] Loss: 3.5075
2025-04-18 18:37:00,747 | Epoch [5/5] Batch [5500] Loss: 3.0233
2025-04-18 18:37:02,130 | Epoch [5/5] Batch [5600] Loss: 3.0215
2025-04-18 18:37:03,512 | Epoch [5/5] Batch [5700] Loss: 3.2358
2025-04-18 18:37:04,896 | Epoch [5/5] Batch [5800] Loss: 2.9966
2025-04-18 18:37:06,279 | Epoch [5/5] Batch [5900] Loss: 2.9857
2025-04-18 18:37:07,663 | Epoch [5/5] Batch [6000] Loss: 3.0004
2025-04-18 18:37:09,048 | Epoch [5/5] Batch [6100] Loss: 3.1273
2025-04-18 18:37:10,431 | Epoch [5/5] Batch [6200] Loss: 3.3154
2025-04-18 18:37:11,815 | Epoch [5/5] Batch [6300] Loss: 3.0143
2025-04-18 18:37:13,198 | Epoch [5/5] Batch [6400] Loss: 2.9846
2025-04-18 18:37:14,582 | Epoch [5/5] Batch [6500] Loss: 3.0838
2025-04-18 18:37:15,967 | Epoch [5/5] Batch [6600] Loss: 3.1521
2025-04-18 18:37:17,350 | Epoch [5/5] Batch [6700] Loss: 2.9753
2025-04-18 18:37:18,733 | Epoch [5/5] Batch [6800] Loss: 3.0495
2025-04-18 18:37:20,132 | Epoch [5/5] Batch [6900] Loss: 3.1607
2025-04-18 18:37:21,515 | Epoch [5/5] Batch [7000] Loss: 2.9576
2025-04-18 18:37:22,898 | Epoch [5/5] Batch [7100] Loss: 3.1332
2025-04-18 18:37:24,281 | Epoch [5/5] Batch [7200] Loss: 3.1735
2025-04-18 18:37:25,665 | Epoch [5/5] Batch [7300] Loss: 3.0288
2025-04-18 18:37:27,048 | Epoch [5/5] Batch [7400] Loss: 3.0442
2025-04-18 18:37:28,431 | Epoch [5/5] Batch [7500] Loss: 2.9818
2025-04-18 18:37:29,815 | Epoch [5/5] Batch [7600] Loss: 3.1633
2025-04-18 18:37:31,199 | Epoch [5/5] Batch [7700] Loss: 3.1637
2025-04-18 18:37:32,583 | Epoch [5/5] Batch [7800] Loss: 3.0684
2025-04-18 18:37:33,967 | Epoch [5/5] Batch [7900] Loss: 3.0343
2025-04-18 18:37:35,352 | Epoch [5/5] Batch [8000] Loss: 3.2797
2025-04-18 18:37:36,736 | Epoch [5/5] Batch [8100] Loss: 3.1477
2025-04-18 18:37:38,119 | Epoch [5/5] Batch [8200] Loss: 3.1675
2025-04-18 18:37:39,502 | Epoch [5/5] Batch [8300] Loss: 3.0847
2025-04-18 18:37:40,885 | Epoch [5/5] Batch [8400] Loss: 2.9144
2025-04-18 18:37:42,268 | Epoch [5/5] Batch [8500] Loss: 3.0929
2025-04-18 18:37:43,651 | Epoch [5/5] Batch [8600] Loss: 3.0270
2025-04-18 18:37:45,034 | Epoch [5/5] Batch [8700] Loss: 3.2105
2025-04-18 18:37:46,418 | Epoch [5/5] Batch [8800] Loss: 3.0258
2025-04-18 18:37:47,802 | Epoch [5/5] Batch [8900] Loss: 3.0471
2025-04-18 18:37:49,191 | Epoch [5/5] Batch [9000] Loss: 3.2637
2025-04-18 18:37:50,585 | Epoch [5/5] Batch [9100] Loss: 3.1459
2025-04-18 18:37:51,968 | Epoch [5/5] Batch [9200] Loss: 3.1298
2025-04-18 18:37:53,350 | Epoch [5/5] Batch [9300] Loss: 3.1117
2025-04-18 18:37:54,734 | Epoch [5/5] Batch [9400] Loss: 3.2008
2025-04-18 18:37:56,117 | Epoch [5/5] Batch [9500] Loss: 3.1848
2025-04-18 18:37:57,499 | Epoch [5/5] Batch [9600] Loss: 2.8534
2025-04-18 18:37:58,881 | Epoch [5/5] Batch [9700] Loss: 3.2052
2025-04-18 18:38:00,264 | Epoch [5/5] Batch [9800] Loss: 3.0709
2025-04-18 18:38:01,646 | Epoch [5/5] Batch [9900] Loss: 3.5484
2025-04-18 18:38:03,028 | Epoch [5/5] Batch [10000] Loss: 3.1950
2025-04-18 18:38:04,410 | Epoch [5/5] Batch [10100] Loss: 2.8218
2025-04-18 18:38:05,792 | Epoch [5/5] Batch [10200] Loss: 2.9561
2025-04-18 18:38:07,174 | Epoch [5/5] Batch [10300] Loss: 2.9495
2025-04-18 18:38:08,555 | Epoch [5/5] Batch [10400] Loss: 3.0115
2025-04-18 18:38:09,937 | Epoch [5/5] Batch [10500] Loss: 3.0189
2025-04-18 18:38:11,319 | Epoch [5/5] Batch [10600] Loss: 3.0449
2025-04-18 18:38:12,703 | Epoch [5/5] Batch [10700] Loss: 3.2083
2025-04-18 18:38:14,087 | Epoch [5/5] Batch [10800] Loss: 3.1033
2025-04-18 18:38:15,470 | Epoch [5/5] Batch [10900] Loss: 3.0934
2025-04-18 18:38:16,854 | Epoch [5/5] Batch [11000] Loss: 3.2173
2025-04-18 18:38:18,238 | Epoch [5/5] Batch [11100] Loss: 2.8946
2025-04-18 18:38:19,630 | Epoch [5/5] Batch [11200] Loss: 3.0824
2025-04-18 18:38:21,020 | Epoch [5/5] Batch [11300] Loss: 2.8657
2025-04-18 18:38:22,401 | Epoch [5/5] Batch [11400] Loss: 3.0673
2025-04-18 18:38:23,782 | Epoch [5/5] Batch [11500] Loss: 3.1012
2025-04-18 18:38:25,163 | Epoch [5/5] Batch [11600] Loss: 3.0475
2025-04-18 18:38:26,544 | Epoch [5/5] Batch [11700] Loss: 3.0495
2025-04-18 18:38:27,925 | Epoch [5/5] Batch [11800] Loss: 2.9264
2025-04-18 18:38:29,306 | Epoch [5/5] Batch [11900] Loss: 3.3174
2025-04-18 18:38:30,687 | Epoch [5/5] Batch [12000] Loss: 3.0955
2025-04-18 18:38:32,069 | Epoch [5/5] Batch [12100] Loss: 2.9841
2025-04-18 18:38:33,449 | Epoch [5/5] Batch [12200] Loss: 3.2077
2025-04-18 18:38:34,830 | Epoch [5/5] Batch [12300] Loss: 2.9477
2025-04-18 18:38:36,211 | Epoch [5/5] Batch [12400] Loss: 2.9595
2025-04-18 18:38:37,591 | Epoch [5/5] Batch [12500] Loss: 2.9449
2025-04-18 18:38:38,972 | Epoch [5/5] Batch [12600] Loss: 3.1793
2025-04-18 18:38:40,352 | Epoch [5/5] Batch [12700] Loss: 2.9908
2025-04-18 18:38:41,731 | Epoch [5/5] Batch [12800] Loss: 3.1743
2025-04-18 18:38:43,112 | Epoch [5/5] Batch [12900] Loss: 3.0885
2025-04-18 18:38:44,495 | Epoch [5/5] Batch [13000] Loss: 3.0261
2025-04-18 18:38:45,876 | Epoch [5/5] Batch [13100] Loss: 2.9671
2025-04-18 18:38:47,258 | Epoch [5/5] Batch [13200] Loss: 2.9503
2025-04-18 18:38:48,640 | Epoch [5/5] Batch [13300] Loss: 3.0926
2025-04-18 18:38:50,040 | Epoch [5/5] Batch [13400] Loss: 3.0482
2025-04-18 18:38:51,423 | Epoch [5/5] Batch [13500] Loss: 3.0621
2025-04-18 18:38:52,804 | Epoch [5/5] Batch [13600] Loss: 3.2339
2025-04-18 18:38:54,184 | Epoch [5/5] Batch [13700] Loss: 3.0743
2025-04-18 18:38:55,564 | Epoch [5/5] Batch [13800] Loss: 3.2313
2025-04-18 18:38:56,943 | Epoch [5/5] Batch [13900] Loss: 3.1142
2025-04-18 18:38:58,322 | Epoch [5/5] Batch [14000] Loss: 2.8606
2025-04-18 18:38:59,703 | Epoch [5/5] Batch [14100] Loss: 3.0814
2025-04-18 18:39:01,083 | Epoch [5/5] Batch [14200] Loss: 3.2318
2025-04-18 18:39:02,467 | Epoch [5/5] Batch [14300] Loss: 3.1418
2025-04-18 18:39:03,847 | Epoch [5/5] Batch [14400] Loss: 3.0967
2025-04-18 18:39:05,228 | Epoch [5/5] Batch [14500] Loss: 3.1238
2025-04-18 18:39:06,608 | Epoch [5/5] Batch [14600] Loss: 3.1572
2025-04-18 18:39:07,989 | Epoch [5/5] Batch [14700] Loss: 2.9724
2025-04-18 18:39:09,370 | Epoch [5/5] Batch [14800] Loss: 2.9869
2025-04-18 18:39:10,753 | Epoch [5/5] Batch [14900] Loss: 3.0850
2025-04-18 18:39:12,133 | Epoch [5/5] Batch [15000] Loss: 3.1119
2025-04-18 18:39:13,514 | Epoch [5/5] Batch [15100] Loss: 3.0108
2025-04-18 18:39:14,894 | Epoch [5/5] Batch [15200] Loss: 3.1459
2025-04-18 18:39:16,273 | Epoch [5/5] Batch [15300] Loss: 3.0614
2025-04-18 18:39:17,652 | Epoch [5/5] Batch [15400] Loss: 3.0891
2025-04-18 18:39:19,037 | Epoch [5/5] Batch [15500] Loss: 3.2339
2025-04-18 18:39:20,424 | Epoch [5/5] Batch [15600] Loss: 3.1786
2025-04-18 18:39:21,805 | Epoch [5/5] Batch [15700] Loss: 3.0896
2025-04-18 18:39:23,184 | Epoch [5/5] Batch [15800] Loss: 3.1480
2025-04-18 18:39:24,563 | Epoch [5/5] Batch [15900] Loss: 3.0612
2025-04-18 18:39:25,943 | Epoch [5/5] Batch [16000] Loss: 2.8767
2025-04-18 18:39:27,321 | Epoch [5/5] Batch [16100] Loss: 2.9400
2025-04-18 18:39:28,700 | Epoch [5/5] Batch [16200] Loss: 3.0066
2025-04-18 18:39:30,081 | Epoch [5/5] Batch [16300] Loss: 3.1344
2025-04-18 18:39:31,460 | Epoch [5/5] Batch [16400] Loss: 2.9326
2025-04-18 18:39:32,841 | Epoch [5/5] Batch [16500] Loss: 3.4887
2025-04-18 18:39:34,220 | Epoch [5/5] Batch [16600] Loss: 3.1947
2025-04-18 18:39:35,599 | Epoch [5/5] Batch [16700] Loss: 2.9816
2025-04-18 18:39:36,978 | Epoch [5/5] Batch [16800] Loss: 3.2819
2025-04-18 18:39:38,357 | Epoch [5/5] Batch [16900] Loss: 3.3230
2025-04-18 18:39:39,736 | Epoch [5/5] Batch [17000] Loss: 3.0658
2025-04-18 18:39:41,116 | Epoch [5/5] Batch [17100] Loss: 2.8782
2025-04-18 18:39:42,496 | Epoch [5/5] Batch [17200] Loss: 3.0603
2025-04-18 18:39:43,876 | Epoch [5/5] Batch [17300] Loss: 3.0990
2025-04-18 18:39:45,256 | Epoch [5/5] Batch [17400] Loss: 3.1932
2025-04-18 18:39:46,635 | Epoch [5/5] Batch [17500] Loss: 3.0762
2025-04-18 18:39:48,015 | Epoch [5/5] Batch [17600] Loss: 2.9784
2025-04-18 18:39:49,401 | Epoch [5/5] Batch [17700] Loss: 3.0076
2025-04-18 18:39:50,790 | Epoch [5/5] Batch [17800] Loss: 3.1301
2025-04-18 18:39:52,170 | Epoch [5/5] Batch [17900] Loss: 3.1375
2025-04-18 18:39:53,549 | Epoch [5/5] Batch [18000] Loss: 3.1184
2025-04-18 18:39:54,929 | Epoch [5/5] Batch [18100] Loss: 2.8998
2025-04-18 18:39:56,308 | Epoch [5/5] Batch [18200] Loss: 3.0364
2025-04-18 18:39:57,688 | Epoch [5/5] Batch [18300] Loss: 2.7851
2025-04-18 18:39:59,068 | Epoch [5/5] Batch [18400] Loss: 3.0930
2025-04-18 18:40:00,448 | Epoch [5/5] Batch [18500] Loss: 2.9687
2025-04-18 18:40:01,828 | Epoch [5/5] Batch [18600] Loss: 2.9664
2025-04-18 18:40:03,208 | Epoch [5/5] Batch [18700] Loss: 3.2115
2025-04-18 18:40:04,589 | Epoch [5/5] Batch [18800] Loss: 2.9998
2025-04-18 18:40:05,968 | Epoch [5/5] Batch [18900] Loss: 2.8751
2025-04-18 18:40:07,348 | Epoch [5/5] Batch [19000] Loss: 2.9653
2025-04-18 18:40:08,728 | Epoch [5/5] Batch [19100] Loss: 3.1399
2025-04-18 18:40:10,107 | Epoch [5/5] Batch [19200] Loss: 3.1642
2025-04-18 18:40:11,486 | Epoch [5/5] Batch [19300] Loss: 3.0039
2025-04-18 18:40:12,866 | Epoch [5/5] Batch [19400] Loss: 3.1556
2025-04-18 18:40:14,245 | Epoch [5/5] Batch [19500] Loss: 3.0856
2025-04-18 18:40:15,624 | Epoch [5/5] Batch [19600] Loss: 2.9887
2025-04-18 18:40:17,002 | Epoch [5/5] Batch [19700] Loss: 3.0819
2025-04-18 18:40:18,382 | Epoch [5/5] Batch [19800] Loss: 2.9774
2025-04-18 18:40:19,767 | Epoch [5/5] Batch [19900] Loss: 2.9444
2025-04-18 18:40:21,154 | Epoch [5/5] Batch [20000] Loss: 2.8734
2025-04-18 18:40:22,532 | Epoch [5/5] Batch [20100] Loss: 3.1210
2025-04-18 18:40:23,911 | Epoch [5/5] Batch [20200] Loss: 2.9885
2025-04-18 18:40:25,291 | Epoch [5/5] Batch [20300] Loss: 3.0543
2025-04-18 18:40:26,671 | Epoch [5/5] Batch [20400] Loss: 2.8403
2025-04-18 18:40:28,052 | Epoch [5/5] Batch [20500] Loss: 3.1036
2025-04-18 18:40:29,433 | Epoch [5/5] Batch [20600] Loss: 2.9294
2025-04-18 18:40:41,336 | Epoch 5 | Train Loss: 3.1094 | Val Loss: 7.6987
2025-04-18 18:40:41,529 | Saved best model to decoder_checkpoints/best_decoder_d128_h8_l6_ff512_dp0.1_ls0_e1_val6.4181.pt
2025-04-18 18:40:41,529 | Training completed in 1488.97s
2025-04-18 18:40:41,530 | Done!
