2025-03-08 04:29:46,159 | Logging to: logs/transformer_train_20250308_042946.log
2025-03-08 04:29:46,159 | === Configuration ===
2025-03-08 04:29:46,159 | Sequence length: 200
2025-03-08 04:29:46,160 | Batch size: 32
2025-03-08 04:29:46,160 | Learning rate: 0.0001
2025-03-08 04:29:46,160 | Epochs: 20
2025-03-08 04:29:46,160 | Model dimension: 256
2025-03-08 04:29:46,160 | Number of layers: 8
2025-03-08 04:29:46,160 | Number of heads: 8
2025-03-08 04:29:46,160 | Feed-forward dim: 1024
2025-03-08 04:29:46,160 | Dropout: 0.2
2025-03-08 04:29:46,160 | Layer skip probability: 0.0
2025-03-08 04:29:46,160 | Layer dropout: disabled
2025-03-08 04:29:46,160 | Loading WikiText-2 dataset...
2025-03-08 04:29:50,607 | Vocabulary size: 76618
2025-03-08 04:29:50,759 | Using device: cuda
2025-03-08 04:29:50,759 | Initializing Transformer model...
2025-03-08 04:29:51,922 | === Starting Training ===
2025-03-08 04:29:55,735 | New best model found with validation loss: 6.3458
2025-03-08 04:29:55,735 | Epoch 1/20 completed | Train Loss: 8.1970 | Val Loss: 6.3458 | Time: 3.81s
2025-03-08 04:29:59,399 | New best model found with validation loss: 5.0401
2025-03-08 04:29:59,399 | Epoch 2/20 completed | Train Loss: 5.8175 | Val Loss: 5.0401 | Time: 3.66s
2025-03-08 04:30:03,074 | New best model found with validation loss: 4.2978
2025-03-08 04:30:03,075 | Epoch 3/20 completed | Train Loss: 4.7581 | Val Loss: 4.2978 | Time: 3.68s
2025-03-08 04:30:06,750 | New best model found with validation loss: 3.7612
2025-03-08 04:30:06,750 | Epoch 4/20 completed | Train Loss: 4.1162 | Val Loss: 3.7612 | Time: 3.67s
2025-03-08 04:30:10,424 | New best model found with validation loss: 3.3322
2025-03-08 04:30:10,425 | Epoch 5/20 completed | Train Loss: 3.6352 | Val Loss: 3.3322 | Time: 3.67s
2025-03-08 04:30:14,111 | New best model found with validation loss: 2.9948
2025-03-08 04:30:14,111 | Epoch 6/20 completed | Train Loss: 3.2440 | Val Loss: 2.9948 | Time: 3.69s
2025-03-08 04:30:17,785 | New best model found with validation loss: 2.7125
2025-03-08 04:30:17,786 | Epoch 7/20 completed | Train Loss: 2.9155 | Val Loss: 2.7125 | Time: 3.67s
2025-03-08 04:30:21,461 | New best model found with validation loss: 2.4697
2025-03-08 04:30:21,461 | Epoch 8/20 completed | Train Loss: 2.6368 | Val Loss: 2.4697 | Time: 3.68s
2025-03-08 04:30:25,135 | New best model found with validation loss: 2.2734
2025-03-08 04:30:25,135 | Epoch 9/20 completed | Train Loss: 2.3939 | Val Loss: 2.2734 | Time: 3.67s
2025-03-08 04:30:28,804 | New best model found with validation loss: 2.1021
2025-03-08 04:30:28,804 | Epoch 10/20 completed | Train Loss: 2.1849 | Val Loss: 2.1021 | Time: 3.67s
2025-03-08 04:30:32,477 | New best model found with validation loss: 1.9589
2025-03-08 04:30:32,477 | Epoch 11/20 completed | Train Loss: 1.9979 | Val Loss: 1.9589 | Time: 3.67s
2025-03-08 04:30:36,152 | New best model found with validation loss: 1.8323
2025-03-08 04:30:36,153 | Epoch 12/20 completed | Train Loss: 1.8346 | Val Loss: 1.8323 | Time: 3.67s
2025-03-08 04:30:39,815 | New best model found with validation loss: 1.7274
2025-03-08 04:30:39,815 | Epoch 13/20 completed | Train Loss: 1.6875 | Val Loss: 1.7274 | Time: 3.66s
2025-03-08 04:30:43,478 | New best model found with validation loss: 1.6377
2025-03-08 04:30:43,479 | Epoch 14/20 completed | Train Loss: 1.5580 | Val Loss: 1.6377 | Time: 3.66s
2025-03-08 04:30:47,140 | New best model found with validation loss: 1.5544
2025-03-08 04:30:47,140 | Epoch 15/20 completed | Train Loss: 1.4423 | Val Loss: 1.5544 | Time: 3.66s
2025-03-08 04:30:50,803 | New best model found with validation loss: 1.4853
2025-03-08 04:30:50,803 | Epoch 16/20 completed | Train Loss: 1.3366 | Val Loss: 1.4853 | Time: 3.66s
2025-03-08 04:30:54,464 | New best model found with validation loss: 1.4259
2025-03-08 04:30:54,464 | Epoch 17/20 completed | Train Loss: 1.2412 | Val Loss: 1.4259 | Time: 3.66s
2025-03-08 04:30:58,123 | New best model found with validation loss: 1.3668
2025-03-08 04:30:58,123 | Epoch 18/20 completed | Train Loss: 1.1565 | Val Loss: 1.3668 | Time: 3.66s
2025-03-08 04:31:01,784 | New best model found with validation loss: 1.3259
2025-03-08 04:31:01,784 | Epoch 19/20 completed | Train Loss: 1.0770 | Val Loss: 1.3259 | Time: 3.66s
2025-03-08 04:31:05,446 | New best model found with validation loss: 1.2786
2025-03-08 04:31:05,446 | Epoch 20/20 completed | Train Loss: 1.0046 | Val Loss: 1.2786 | Time: 3.66s
2025-03-08 04:31:06,737 | Saved best model to checkpoints/best_model_d256_h8_l8_ff1024_dp0.2_ls0_e20_val1.2786.pt
2025-03-08 04:31:06,738 | Training completed in 74.81s
2025-03-08 04:31:06,738 | Done!
